   1              	 .syntax unified
   2              	 .cpu cortex-m4
   3              	 .eabi_attribute 27,3
   4              	 .fpu fpv4-sp-d16
   5              	 .eabi_attribute 20,1
   6              	 .eabi_attribute 21,1
   7              	 .eabi_attribute 23,3
   8              	 .eabi_attribute 24,1
   9              	 .eabi_attribute 25,1
  10              	 .eabi_attribute 26,1
  11              	 .eabi_attribute 30,6
  12              	 .eabi_attribute 34,1
  13              	 .eabi_attribute 18,4
  14              	 .thumb
  15              	 .file "main.c"
  16              	 .text
  17              	.Ltext0:
  18              	 .cfi_sections .debug_frame
  19              	 .section .text.XMC_GPIO_SetOutputHigh,"ax",%progbits
  20              	 .align 2
  21              	 .thumb
  22              	 .thumb_func
  24              	XMC_GPIO_SetOutputHigh:
  25              	.LFB137:
  26              	 .file 1 "D:/ghc/4700_motors/Libraries/XMCLib/inc/xmc_gpio.h"
   1:D:/ghc/4700_motors/Libraries/XMCLib/inc\xmc_gpio.h **** /**
   2:D:/ghc/4700_motors/Libraries/XMCLib/inc\xmc_gpio.h ****  * @file xmc_gpio.h
   3:D:/ghc/4700_motors/Libraries/XMCLib/inc\xmc_gpio.h ****  * @date 2015-06-20
   4:D:/ghc/4700_motors/Libraries/XMCLib/inc\xmc_gpio.h ****  *
   5:D:/ghc/4700_motors/Libraries/XMCLib/inc\xmc_gpio.h ****  * @cond
   6:D:/ghc/4700_motors/Libraries/XMCLib/inc\xmc_gpio.h ****  **************************************************************************************************
   7:D:/ghc/4700_motors/Libraries/XMCLib/inc\xmc_gpio.h ****  * XMClib v2.1.20 - XMC Peripheral Driver Library 
   8:D:/ghc/4700_motors/Libraries/XMCLib/inc\xmc_gpio.h ****  *
   9:D:/ghc/4700_motors/Libraries/XMCLib/inc\xmc_gpio.h ****  * Copyright (c) 2015-2018, Infineon Technologies AG
  10:D:/ghc/4700_motors/Libraries/XMCLib/inc\xmc_gpio.h ****  * All rights reserved.                        
  11:D:/ghc/4700_motors/Libraries/XMCLib/inc\xmc_gpio.h ****  *                                             
  12:D:/ghc/4700_motors/Libraries/XMCLib/inc\xmc_gpio.h ****  * Redistribution and use in source and binary forms, with or without modification,are permitted pr
  13:D:/ghc/4700_motors/Libraries/XMCLib/inc\xmc_gpio.h ****  * following conditions are met:   
  14:D:/ghc/4700_motors/Libraries/XMCLib/inc\xmc_gpio.h ****  *                                                                              
  15:D:/ghc/4700_motors/Libraries/XMCLib/inc\xmc_gpio.h ****  * Redistributions of source code must retain the above copyright notice, this list of conditions a
  16:D:/ghc/4700_motors/Libraries/XMCLib/inc\xmc_gpio.h ****  * disclaimer.                        
  17:D:/ghc/4700_motors/Libraries/XMCLib/inc\xmc_gpio.h ****  * 
  18:D:/ghc/4700_motors/Libraries/XMCLib/inc\xmc_gpio.h ****  * Redistributions in binary form must reproduce the above copyright notice, this list of condition
  19:D:/ghc/4700_motors/Libraries/XMCLib/inc\xmc_gpio.h ****  * disclaimer in the documentation and/or other materials provided with the distribution.          
  20:D:/ghc/4700_motors/Libraries/XMCLib/inc\xmc_gpio.h ****  * 
  21:D:/ghc/4700_motors/Libraries/XMCLib/inc\xmc_gpio.h ****  * Neither the name of the copyright holders nor the names of its contributors may be used to endor
  22:D:/ghc/4700_motors/Libraries/XMCLib/inc\xmc_gpio.h ****  * products derived from this software without specific prior written permission.                  
  23:D:/ghc/4700_motors/Libraries/XMCLib/inc\xmc_gpio.h ****  *                                                                              
  24:D:/ghc/4700_motors/Libraries/XMCLib/inc\xmc_gpio.h ****  * THIS SOFTWARE IS PROVIDED BY THE COPYRIGHT HOLDERS AND CONTRIBUTORS "AS IS" AND ANY EXPRESS OR I
  25:D:/ghc/4700_motors/Libraries/XMCLib/inc\xmc_gpio.h ****  * INCLUDING, BUT NOT LIMITED TO, THE IMPLIED WARRANTIES OF MERCHANTABILITY AND FITNESS FOR A PARTI
  26:D:/ghc/4700_motors/Libraries/XMCLib/inc\xmc_gpio.h ****  * DISCLAIMED. IN NO EVENT SHALL THE COPYRIGHT HOLDER OR CONTRIBUTORS BE LIABLE  FOR ANY DIRECT, IN
  27:D:/ghc/4700_motors/Libraries/XMCLib/inc\xmc_gpio.h ****  * SPECIAL, EXEMPLARY, OR CONSEQUENTIAL DAMAGES (INCLUDING, BUT NOT LIMITED TO, PROCUREMENT OF SUBS
  28:D:/ghc/4700_motors/Libraries/XMCLib/inc\xmc_gpio.h ****  * SERVICES; LOSS OF USE, DATA, OR PROFITS; OR BUSINESS INTERRUPTION) HOWEVER CAUSED AND ON ANY THE
  29:D:/ghc/4700_motors/Libraries/XMCLib/inc\xmc_gpio.h ****  * WHETHER IN CONTRACT, STRICT LIABILITY,OR TORT (INCLUDING NEGLIGENCE OR OTHERWISE) ARISING IN ANY
  30:D:/ghc/4700_motors/Libraries/XMCLib/inc\xmc_gpio.h ****  * OF THIS SOFTWARE, EVEN IF ADVISED OF THE POSSIBILITY OF SUCH DAMAGE.                            
  31:D:/ghc/4700_motors/Libraries/XMCLib/inc\xmc_gpio.h ****  *                                                                              
  32:D:/ghc/4700_motors/Libraries/XMCLib/inc\xmc_gpio.h ****  * To improve the quality of the software, users are encouraged to share modifications, enhancement
  33:D:/ghc/4700_motors/Libraries/XMCLib/inc\xmc_gpio.h ****  * Infineon Technologies AG dave@infineon.com).                                                    
  34:D:/ghc/4700_motors/Libraries/XMCLib/inc\xmc_gpio.h ****  **************************************************************************************************
  35:D:/ghc/4700_motors/Libraries/XMCLib/inc\xmc_gpio.h ****  *
  36:D:/ghc/4700_motors/Libraries/XMCLib/inc\xmc_gpio.h ****  * Change History
  37:D:/ghc/4700_motors/Libraries/XMCLib/inc\xmc_gpio.h ****  * --------------
  38:D:/ghc/4700_motors/Libraries/XMCLib/inc\xmc_gpio.h ****  *
  39:D:/ghc/4700_motors/Libraries/XMCLib/inc\xmc_gpio.h ****  * 2015-02-20:
  40:D:/ghc/4700_motors/Libraries/XMCLib/inc\xmc_gpio.h ****  *     - Initial draft<br>
  41:D:/ghc/4700_motors/Libraries/XMCLib/inc\xmc_gpio.h ****  *     - Documentation improved <br>
  42:D:/ghc/4700_motors/Libraries/XMCLib/inc\xmc_gpio.h ****  *      
  43:D:/ghc/4700_motors/Libraries/XMCLib/inc\xmc_gpio.h ****  * 2015-06-20:
  44:D:/ghc/4700_motors/Libraries/XMCLib/inc\xmc_gpio.h ****  *     - Removed version macros and declaration of GetDriverVersion API
  45:D:/ghc/4700_motors/Libraries/XMCLib/inc\xmc_gpio.h ****  *
  46:D:/ghc/4700_motors/Libraries/XMCLib/inc\xmc_gpio.h ****  * @endcond
  47:D:/ghc/4700_motors/Libraries/XMCLib/inc\xmc_gpio.h ****  *
  48:D:/ghc/4700_motors/Libraries/XMCLib/inc\xmc_gpio.h ****  */
  49:D:/ghc/4700_motors/Libraries/XMCLib/inc\xmc_gpio.h **** 
  50:D:/ghc/4700_motors/Libraries/XMCLib/inc\xmc_gpio.h **** #ifndef XMC_GPIO_H
  51:D:/ghc/4700_motors/Libraries/XMCLib/inc\xmc_gpio.h **** #define XMC_GPIO_H
  52:D:/ghc/4700_motors/Libraries/XMCLib/inc\xmc_gpio.h **** 
  53:D:/ghc/4700_motors/Libraries/XMCLib/inc\xmc_gpio.h **** /**************************************************************************************************
  54:D:/ghc/4700_motors/Libraries/XMCLib/inc\xmc_gpio.h ****  * HEADER FILES
  55:D:/ghc/4700_motors/Libraries/XMCLib/inc\xmc_gpio.h ****  **************************************************************************************************
  56:D:/ghc/4700_motors/Libraries/XMCLib/inc\xmc_gpio.h **** 
  57:D:/ghc/4700_motors/Libraries/XMCLib/inc\xmc_gpio.h **** #include "xmc_common.h"
  58:D:/ghc/4700_motors/Libraries/XMCLib/inc\xmc_gpio.h **** 
  59:D:/ghc/4700_motors/Libraries/XMCLib/inc\xmc_gpio.h **** /**
  60:D:/ghc/4700_motors/Libraries/XMCLib/inc\xmc_gpio.h ****  * @addtogroup XMClib XMC Peripheral Library
  61:D:/ghc/4700_motors/Libraries/XMCLib/inc\xmc_gpio.h ****  * @{
  62:D:/ghc/4700_motors/Libraries/XMCLib/inc\xmc_gpio.h ****  */
  63:D:/ghc/4700_motors/Libraries/XMCLib/inc\xmc_gpio.h **** 
  64:D:/ghc/4700_motors/Libraries/XMCLib/inc\xmc_gpio.h **** /**
  65:D:/ghc/4700_motors/Libraries/XMCLib/inc\xmc_gpio.h ****  * @addtogroup GPIO
  66:D:/ghc/4700_motors/Libraries/XMCLib/inc\xmc_gpio.h ****  * @brief General Purpose Input Output (GPIO) driver for the XMC microcontroller family.
  67:D:/ghc/4700_motors/Libraries/XMCLib/inc\xmc_gpio.h ****  *
  68:D:/ghc/4700_motors/Libraries/XMCLib/inc\xmc_gpio.h ****  * GPIO driver provide a generic and very flexible software interface for all standard digital I/O 
  69:D:/ghc/4700_motors/Libraries/XMCLib/inc\xmc_gpio.h ****  * Each port slice has individual interfaces for the operation as General Purpose I/O and it furthe
  70:D:/ghc/4700_motors/Libraries/XMCLib/inc\xmc_gpio.h ****  * connectivity to the on-chip periphery and the control for the pad characteristics. 
  71:D:/ghc/4700_motors/Libraries/XMCLib/inc\xmc_gpio.h ****  *
  72:D:/ghc/4700_motors/Libraries/XMCLib/inc\xmc_gpio.h ****  * The driver is divided into Input and Output mode.
  73:D:/ghc/4700_motors/Libraries/XMCLib/inc\xmc_gpio.h ****  *
  74:D:/ghc/4700_motors/Libraries/XMCLib/inc\xmc_gpio.h ****  * Input mode features:
  75:D:/ghc/4700_motors/Libraries/XMCLib/inc\xmc_gpio.h ****  * -# Configuration structure XMC_GPIO_CONFIG_t and initialization function XMC_GPIO_Init()
  76:D:/ghc/4700_motors/Libraries/XMCLib/inc\xmc_gpio.h ****  * -# Allows the selection of weak pull-up or pull-down device. Configuration structure XMC_GPIO_MO
  77:D:/ghc/4700_motors/Libraries/XMCLib/inc\xmc_gpio.h ****  * \if XMC1
  78:D:/ghc/4700_motors/Libraries/XMCLib/inc\xmc_gpio.h ****  * -# Allows the selection of input hysteresis. XMC_GPIO_SetInputHysteresis()
  79:D:/ghc/4700_motors/Libraries/XMCLib/inc\xmc_gpio.h ****  * \endif
  80:D:/ghc/4700_motors/Libraries/XMCLib/inc\xmc_gpio.h ****  *
  81:D:/ghc/4700_motors/Libraries/XMCLib/inc\xmc_gpio.h ****  * 
  82:D:/ghc/4700_motors/Libraries/XMCLib/inc\xmc_gpio.h ****  * Output mode features:
  83:D:/ghc/4700_motors/Libraries/XMCLib/inc\xmc_gpio.h ****  * -# Allows the selection of push pull/open drain and Alternate output. Configuration structure XM
  84:D:/ghc/4700_motors/Libraries/XMCLib/inc\xmc_gpio.h ****  * \if XMC4
  85:D:/ghc/4700_motors/Libraries/XMCLib/inc\xmc_gpio.h ****  * -# Allows the selection of pad driver strength. Configuration structure XMC_GPIO_OUTPUT_STRENGTH
  86:D:/ghc/4700_motors/Libraries/XMCLib/inc\xmc_gpio.h ****  * \endif
  87:D:/ghc/4700_motors/Libraries/XMCLib/inc\xmc_gpio.h ****  *
  88:D:/ghc/4700_motors/Libraries/XMCLib/inc\xmc_gpio.h ****  * -# Allows the selection of initial output level. Configuration structure XMC_GPIO_OUTPUT_LEVEL_t
  89:D:/ghc/4700_motors/Libraries/XMCLib/inc\xmc_gpio.h ****  *
  90:D:/ghc/4700_motors/Libraries/XMCLib/inc\xmc_gpio.h ****  *@{
  91:D:/ghc/4700_motors/Libraries/XMCLib/inc\xmc_gpio.h ****  */
  92:D:/ghc/4700_motors/Libraries/XMCLib/inc\xmc_gpio.h ****  
  93:D:/ghc/4700_motors/Libraries/XMCLib/inc\xmc_gpio.h **** /**************************************************************************************************
  94:D:/ghc/4700_motors/Libraries/XMCLib/inc\xmc_gpio.h ****  * MACROS
  95:D:/ghc/4700_motors/Libraries/XMCLib/inc\xmc_gpio.h ****  **************************************************************************************************
  96:D:/ghc/4700_motors/Libraries/XMCLib/inc\xmc_gpio.h **** 
  97:D:/ghc/4700_motors/Libraries/XMCLib/inc\xmc_gpio.h **** #define PORT_IOCR_PC_Pos PORT0_IOCR0_PC0_Pos
  98:D:/ghc/4700_motors/Libraries/XMCLib/inc\xmc_gpio.h **** #define PORT_IOCR_PC_Msk PORT0_IOCR0_PC0_Msk
  99:D:/ghc/4700_motors/Libraries/XMCLib/inc\xmc_gpio.h **** 
 100:D:/ghc/4700_motors/Libraries/XMCLib/inc\xmc_gpio.h **** #define PORT_IOCR_PC_Size 				(8U)
 101:D:/ghc/4700_motors/Libraries/XMCLib/inc\xmc_gpio.h **** 											
 102:D:/ghc/4700_motors/Libraries/XMCLib/inc\xmc_gpio.h **** 
 103:D:/ghc/4700_motors/Libraries/XMCLib/inc\xmc_gpio.h **** #define XMC_GPIO_CHECK_OUTPUT_LEVEL(level) ((level == XMC_GPIO_OUTPUT_LEVEL_LOW) || \
 104:D:/ghc/4700_motors/Libraries/XMCLib/inc\xmc_gpio.h ****                                             (level == XMC_GPIO_OUTPUT_LEVEL_HIGH))
 105:D:/ghc/4700_motors/Libraries/XMCLib/inc\xmc_gpio.h ****                                             
 106:D:/ghc/4700_motors/Libraries/XMCLib/inc\xmc_gpio.h **** #define XMC_GPIO_CHECK_HWCTRL(hwctrl) ((hwctrl == XMC_GPIO_HWCTRL_DISABLED) || \
 107:D:/ghc/4700_motors/Libraries/XMCLib/inc\xmc_gpio.h ****                                        (hwctrl == XMC_GPIO_HWCTRL_PERIPHERAL1) || \
 108:D:/ghc/4700_motors/Libraries/XMCLib/inc\xmc_gpio.h ****                                        (hwctrl == XMC_GPIO_HWCTRL_PERIPHERAL2))                    
 109:D:/ghc/4700_motors/Libraries/XMCLib/inc\xmc_gpio.h ****                                             
 110:D:/ghc/4700_motors/Libraries/XMCLib/inc\xmc_gpio.h **** /**************************************************************************************************
 111:D:/ghc/4700_motors/Libraries/XMCLib/inc\xmc_gpio.h ****  * ENUMS
 112:D:/ghc/4700_motors/Libraries/XMCLib/inc\xmc_gpio.h ****  **************************************************************************************************
 113:D:/ghc/4700_motors/Libraries/XMCLib/inc\xmc_gpio.h **** 
 114:D:/ghc/4700_motors/Libraries/XMCLib/inc\xmc_gpio.h **** 
 115:D:/ghc/4700_motors/Libraries/XMCLib/inc\xmc_gpio.h **** /**
 116:D:/ghc/4700_motors/Libraries/XMCLib/inc\xmc_gpio.h ****  * Defines output level of a pin. Use type \a XMC_GPIO_OUTPUT_LEVEL_t for this enum.
 117:D:/ghc/4700_motors/Libraries/XMCLib/inc\xmc_gpio.h ****  */
 118:D:/ghc/4700_motors/Libraries/XMCLib/inc\xmc_gpio.h **** typedef enum XMC_GPIO_OUTPUT_LEVEL
 119:D:/ghc/4700_motors/Libraries/XMCLib/inc\xmc_gpio.h **** {
 120:D:/ghc/4700_motors/Libraries/XMCLib/inc\xmc_gpio.h ****   XMC_GPIO_OUTPUT_LEVEL_LOW  = 0x10000U, /**<  Reset bit */
 121:D:/ghc/4700_motors/Libraries/XMCLib/inc\xmc_gpio.h ****   XMC_GPIO_OUTPUT_LEVEL_HIGH = 0x1U, 	/**< Set bit  */
 122:D:/ghc/4700_motors/Libraries/XMCLib/inc\xmc_gpio.h **** } XMC_GPIO_OUTPUT_LEVEL_t;
 123:D:/ghc/4700_motors/Libraries/XMCLib/inc\xmc_gpio.h **** 
 124:D:/ghc/4700_motors/Libraries/XMCLib/inc\xmc_gpio.h **** /**
 125:D:/ghc/4700_motors/Libraries/XMCLib/inc\xmc_gpio.h ****  * Defines direct hardware control characteristics of the pin . Use type \a XMC_GPIO_HWCTRL_t for t
 126:D:/ghc/4700_motors/Libraries/XMCLib/inc\xmc_gpio.h ****  */
 127:D:/ghc/4700_motors/Libraries/XMCLib/inc\xmc_gpio.h **** typedef enum XMC_GPIO_HWCTRL
 128:D:/ghc/4700_motors/Libraries/XMCLib/inc\xmc_gpio.h **** {
 129:D:/ghc/4700_motors/Libraries/XMCLib/inc\xmc_gpio.h ****   XMC_GPIO_HWCTRL_DISABLED     = 0x0U, /**<  Software control only */
 130:D:/ghc/4700_motors/Libraries/XMCLib/inc\xmc_gpio.h ****   XMC_GPIO_HWCTRL_PERIPHERAL1  = 0x1U, /**<  HWI0/HWO0 control path can override the software confi
 131:D:/ghc/4700_motors/Libraries/XMCLib/inc\xmc_gpio.h ****   XMC_GPIO_HWCTRL_PERIPHERAL2  = 0x2U  /**<  HWI1/HWO1 control path can override the software confi
 132:D:/ghc/4700_motors/Libraries/XMCLib/inc\xmc_gpio.h **** } XMC_GPIO_HWCTRL_t;
 133:D:/ghc/4700_motors/Libraries/XMCLib/inc\xmc_gpio.h **** 
 134:D:/ghc/4700_motors/Libraries/XMCLib/inc\xmc_gpio.h **** /**************************************************************************************************
 135:D:/ghc/4700_motors/Libraries/XMCLib/inc\xmc_gpio.h ****  * DEVICE FAMILY EXTENSIONS
 136:D:/ghc/4700_motors/Libraries/XMCLib/inc\xmc_gpio.h ****  **************************************************************************************************
 137:D:/ghc/4700_motors/Libraries/XMCLib/inc\xmc_gpio.h **** 
 138:D:/ghc/4700_motors/Libraries/XMCLib/inc\xmc_gpio.h ****  #if UC_FAMILY == XMC1
 139:D:/ghc/4700_motors/Libraries/XMCLib/inc\xmc_gpio.h **** #include "xmc1_gpio.h"
 140:D:/ghc/4700_motors/Libraries/XMCLib/inc\xmc_gpio.h **** #elif UC_FAMILY == XMC4
 141:D:/ghc/4700_motors/Libraries/XMCLib/inc\xmc_gpio.h **** #include "xmc4_gpio.h"
 142:D:/ghc/4700_motors/Libraries/XMCLib/inc\xmc_gpio.h **** #else
 143:D:/ghc/4700_motors/Libraries/XMCLib/inc\xmc_gpio.h **** #error "xmc_gpio.h: family device not supported"
 144:D:/ghc/4700_motors/Libraries/XMCLib/inc\xmc_gpio.h **** #endif
 145:D:/ghc/4700_motors/Libraries/XMCLib/inc\xmc_gpio.h **** 
 146:D:/ghc/4700_motors/Libraries/XMCLib/inc\xmc_gpio.h **** /**************************************************************************************************
 147:D:/ghc/4700_motors/Libraries/XMCLib/inc\xmc_gpio.h ****  * API PROTOTYPES
 148:D:/ghc/4700_motors/Libraries/XMCLib/inc\xmc_gpio.h ****  **************************************************************************************************
 149:D:/ghc/4700_motors/Libraries/XMCLib/inc\xmc_gpio.h **** 
 150:D:/ghc/4700_motors/Libraries/XMCLib/inc\xmc_gpio.h **** #ifdef __cplusplus
 151:D:/ghc/4700_motors/Libraries/XMCLib/inc\xmc_gpio.h **** extern "C" {
 152:D:/ghc/4700_motors/Libraries/XMCLib/inc\xmc_gpio.h **** #endif
 153:D:/ghc/4700_motors/Libraries/XMCLib/inc\xmc_gpio.h **** 
 154:D:/ghc/4700_motors/Libraries/XMCLib/inc\xmc_gpio.h **** 
 155:D:/ghc/4700_motors/Libraries/XMCLib/inc\xmc_gpio.h **** /**
 156:D:/ghc/4700_motors/Libraries/XMCLib/inc\xmc_gpio.h ****  * @param  port	  Constant pointer pointing to GPIO port, to access port registers like Pn_OUT,Pn_O
 157:D:/ghc/4700_motors/Libraries/XMCLib/inc\xmc_gpio.h ****  * @param  pin	  Port pin number.
 158:D:/ghc/4700_motors/Libraries/XMCLib/inc\xmc_gpio.h ****  * @param  config GPIO configuration data structure. Refer data structure @ref XMC_GPIO_CONFIG_t fo
 159:D:/ghc/4700_motors/Libraries/XMCLib/inc\xmc_gpio.h ****  *
 160:D:/ghc/4700_motors/Libraries/XMCLib/inc\xmc_gpio.h ****  * @return None
 161:D:/ghc/4700_motors/Libraries/XMCLib/inc\xmc_gpio.h ****  *
 162:D:/ghc/4700_motors/Libraries/XMCLib/inc\xmc_gpio.h ****  * \par<b>Description:</b><br>
 163:D:/ghc/4700_motors/Libraries/XMCLib/inc\xmc_gpio.h ****  * \if XMC1
 164:D:/ghc/4700_motors/Libraries/XMCLib/inc\xmc_gpio.h ****  * Initializes input / output mode settings like, pull up / pull down devices,hysteresis, push pull
 165:D:/ghc/4700_motors/Libraries/XMCLib/inc\xmc_gpio.h ****  * Also configures alternate function outputs and clears hardware port control for a selected \a po
 166:D:/ghc/4700_motors/Libraries/XMCLib/inc\xmc_gpio.h ****  * \a config provides selected I/O settings. It configures hardware registers Pn_IOCR,Pn_OUT, Pn_OM
 167:D:/ghc/4700_motors/Libraries/XMCLib/inc\xmc_gpio.h ****  * \endif
 168:D:/ghc/4700_motors/Libraries/XMCLib/inc\xmc_gpio.h ****  * \if XMC4
 169:D:/ghc/4700_motors/Libraries/XMCLib/inc\xmc_gpio.h ****  * Initializes input / output mode settings like, pull up / pull down devices,push pull /open drain
 170:D:/ghc/4700_motors/Libraries/XMCLib/inc\xmc_gpio.h ****  * Also configures alternate function outputs and clears hardware port control for selected \a port
 171:D:/ghc/4700_motors/Libraries/XMCLib/inc\xmc_gpio.h ****  * It configures hardware registers Pn_IOCR,Pn_OUT,Pn_OMR,Pn_PDISC and Pn_PDR.\n
 172:D:/ghc/4700_motors/Libraries/XMCLib/inc\xmc_gpio.h ****  * \endif
 173:D:/ghc/4700_motors/Libraries/XMCLib/inc\xmc_gpio.h ****  *
 174:D:/ghc/4700_motors/Libraries/XMCLib/inc\xmc_gpio.h ****  * \par<b>Related APIs:</b><BR>
 175:D:/ghc/4700_motors/Libraries/XMCLib/inc\xmc_gpio.h ****  *  None
 176:D:/ghc/4700_motors/Libraries/XMCLib/inc\xmc_gpio.h ****  *
 177:D:/ghc/4700_motors/Libraries/XMCLib/inc\xmc_gpio.h ****  * \par<b>Note:</b><br>
 178:D:/ghc/4700_motors/Libraries/XMCLib/inc\xmc_gpio.h ****  * This API is called in definition of DAVE_init by code generation and therefore should not be exp
 179:D:/ghc/4700_motors/Libraries/XMCLib/inc\xmc_gpio.h ****  * for the normal operation. Use other APIs only after DAVE_init is called successfully (returns DA
 180:D:/ghc/4700_motors/Libraries/XMCLib/inc\xmc_gpio.h ****  *
 181:D:/ghc/4700_motors/Libraries/XMCLib/inc\xmc_gpio.h ****  *
 182:D:/ghc/4700_motors/Libraries/XMCLib/inc\xmc_gpio.h ****  */
 183:D:/ghc/4700_motors/Libraries/XMCLib/inc\xmc_gpio.h **** 
 184:D:/ghc/4700_motors/Libraries/XMCLib/inc\xmc_gpio.h ****  
 185:D:/ghc/4700_motors/Libraries/XMCLib/inc\xmc_gpio.h **** void XMC_GPIO_Init(XMC_GPIO_PORT_t *const port, const uint8_t pin, const XMC_GPIO_CONFIG_t *const c
 186:D:/ghc/4700_motors/Libraries/XMCLib/inc\xmc_gpio.h ****  
 187:D:/ghc/4700_motors/Libraries/XMCLib/inc\xmc_gpio.h **** /**
 188:D:/ghc/4700_motors/Libraries/XMCLib/inc\xmc_gpio.h ****  *
 189:D:/ghc/4700_motors/Libraries/XMCLib/inc\xmc_gpio.h ****  * @param  port	Constant pointer pointing to GPIO port, to access hardware register Pn_IOCR.
 190:D:/ghc/4700_motors/Libraries/XMCLib/inc\xmc_gpio.h ****  * @param  pin	Port pin number.
 191:D:/ghc/4700_motors/Libraries/XMCLib/inc\xmc_gpio.h ****  * @param  mode input / output functionality selection. Refer @ref XMC_GPIO_MODE_t for valid values
 192:D:/ghc/4700_motors/Libraries/XMCLib/inc\xmc_gpio.h ****  *
 193:D:/ghc/4700_motors/Libraries/XMCLib/inc\xmc_gpio.h ****  * @return None
 194:D:/ghc/4700_motors/Libraries/XMCLib/inc\xmc_gpio.h ****  *
 195:D:/ghc/4700_motors/Libraries/XMCLib/inc\xmc_gpio.h ****  * \par<b>Description:</b><br>
 196:D:/ghc/4700_motors/Libraries/XMCLib/inc\xmc_gpio.h ****  * Sets digital input and output driver functionality and characteristics of a GPIO port pin. It co
 197:D:/ghc/4700_motors/Libraries/XMCLib/inc\xmc_gpio.h ****  * registers Pn_IOCR. \a mode is initially configured during initialization in XMC_GPIO_Init(). Cal
 198:D:/ghc/4700_motors/Libraries/XMCLib/inc\xmc_gpio.h ****  * the port direction functionality as needed later in the program.
 199:D:/ghc/4700_motors/Libraries/XMCLib/inc\xmc_gpio.h ****  *
 200:D:/ghc/4700_motors/Libraries/XMCLib/inc\xmc_gpio.h ****  * \par<b>Related APIs:</b><BR>
 201:D:/ghc/4700_motors/Libraries/XMCLib/inc\xmc_gpio.h ****  *  None
 202:D:/ghc/4700_motors/Libraries/XMCLib/inc\xmc_gpio.h ****  *
 203:D:/ghc/4700_motors/Libraries/XMCLib/inc\xmc_gpio.h ****  */
 204:D:/ghc/4700_motors/Libraries/XMCLib/inc\xmc_gpio.h **** 
 205:D:/ghc/4700_motors/Libraries/XMCLib/inc\xmc_gpio.h **** void XMC_GPIO_SetMode(XMC_GPIO_PORT_t *const port, const uint8_t pin, const XMC_GPIO_MODE_t mode);
 206:D:/ghc/4700_motors/Libraries/XMCLib/inc\xmc_gpio.h **** 
 207:D:/ghc/4700_motors/Libraries/XMCLib/inc\xmc_gpio.h **** 
 208:D:/ghc/4700_motors/Libraries/XMCLib/inc\xmc_gpio.h **** /**
 209:D:/ghc/4700_motors/Libraries/XMCLib/inc\xmc_gpio.h ****  *
 210:D:/ghc/4700_motors/Libraries/XMCLib/inc\xmc_gpio.h ****  * @param  port	 Constant pointer pointing to GPIO port, to access hardware register Pn_OMR.
 211:D:/ghc/4700_motors/Libraries/XMCLib/inc\xmc_gpio.h ****  * @param  pin	 Port pin number.
 212:D:/ghc/4700_motors/Libraries/XMCLib/inc\xmc_gpio.h ****  * @param  level output level selection. Refer @ref XMC_GPIO_OUTPUT_LEVEL_t for valid values.
 213:D:/ghc/4700_motors/Libraries/XMCLib/inc\xmc_gpio.h ****  *
 214:D:/ghc/4700_motors/Libraries/XMCLib/inc\xmc_gpio.h ****  * @return None
 215:D:/ghc/4700_motors/Libraries/XMCLib/inc\xmc_gpio.h ****  *
 216:D:/ghc/4700_motors/Libraries/XMCLib/inc\xmc_gpio.h ****  * \par<b>Description:</b><br>
 217:D:/ghc/4700_motors/Libraries/XMCLib/inc\xmc_gpio.h ****  * Set port pin output level to high or low.It configures hardware registers Pn_OMR.\a level is ini
 218:D:/ghc/4700_motors/Libraries/XMCLib/inc\xmc_gpio.h ****  * configured during initialization in XMC_GPIO_Init(). Call this API to alter output level as need
 219:D:/ghc/4700_motors/Libraries/XMCLib/inc\xmc_gpio.h ****  *
 220:D:/ghc/4700_motors/Libraries/XMCLib/inc\xmc_gpio.h ****  * \par<b>Related APIs:</b><BR>
 221:D:/ghc/4700_motors/Libraries/XMCLib/inc\xmc_gpio.h ****  *  XMC_GPIO_SetOutputHigh(), XMC_GPIO_SetOutputLow().
 222:D:/ghc/4700_motors/Libraries/XMCLib/inc\xmc_gpio.h ****  *
 223:D:/ghc/4700_motors/Libraries/XMCLib/inc\xmc_gpio.h ****  * \par<b>Note:</b><br>
 224:D:/ghc/4700_motors/Libraries/XMCLib/inc\xmc_gpio.h ****  * Prior to this api, user has to configure port pin to output mode using XMC_GPIO_SetMode().
 225:D:/ghc/4700_motors/Libraries/XMCLib/inc\xmc_gpio.h ****  *
 226:D:/ghc/4700_motors/Libraries/XMCLib/inc\xmc_gpio.h ****  */
 227:D:/ghc/4700_motors/Libraries/XMCLib/inc\xmc_gpio.h **** 
 228:D:/ghc/4700_motors/Libraries/XMCLib/inc\xmc_gpio.h **** 
 229:D:/ghc/4700_motors/Libraries/XMCLib/inc\xmc_gpio.h **** __STATIC_INLINE void XMC_GPIO_SetOutputLevel(XMC_GPIO_PORT_t *const port, const uint8_t pin, const 
 230:D:/ghc/4700_motors/Libraries/XMCLib/inc\xmc_gpio.h **** {
 231:D:/ghc/4700_motors/Libraries/XMCLib/inc\xmc_gpio.h ****   XMC_ASSERT("XMC_GPIO_SetOutputLevel: Invalid port", XMC_GPIO_CHECK_OUTPUT_PORT(port));
 232:D:/ghc/4700_motors/Libraries/XMCLib/inc\xmc_gpio.h ****   XMC_ASSERT("XMC_GPIO_SetOutputLevel: Invalid output level", XMC_GPIO_CHECK_OUTPUT_LEVEL(level));
 233:D:/ghc/4700_motors/Libraries/XMCLib/inc\xmc_gpio.h ****   
 234:D:/ghc/4700_motors/Libraries/XMCLib/inc\xmc_gpio.h ****   port->OMR = (uint32_t)level << pin;
 235:D:/ghc/4700_motors/Libraries/XMCLib/inc\xmc_gpio.h **** }
 236:D:/ghc/4700_motors/Libraries/XMCLib/inc\xmc_gpio.h **** 
 237:D:/ghc/4700_motors/Libraries/XMCLib/inc\xmc_gpio.h **** 
 238:D:/ghc/4700_motors/Libraries/XMCLib/inc\xmc_gpio.h **** /**
 239:D:/ghc/4700_motors/Libraries/XMCLib/inc\xmc_gpio.h ****  * @param  port constant pointer pointing to GPIO port, to access hardware register Pn_OMR.
 240:D:/ghc/4700_motors/Libraries/XMCLib/inc\xmc_gpio.h ****  * @param  pin	Port pin number.
 241:D:/ghc/4700_motors/Libraries/XMCLib/inc\xmc_gpio.h ****  *
 242:D:/ghc/4700_motors/Libraries/XMCLib/inc\xmc_gpio.h ****  * @return None
 243:D:/ghc/4700_motors/Libraries/XMCLib/inc\xmc_gpio.h ****  *
 244:D:/ghc/4700_motors/Libraries/XMCLib/inc\xmc_gpio.h ****  * \par<b>Description:</b><br>
 245:D:/ghc/4700_motors/Libraries/XMCLib/inc\xmc_gpio.h ****  *  Sets port pin output to high. It configures hardware registers Pn_OMR.
 246:D:/ghc/4700_motors/Libraries/XMCLib/inc\xmc_gpio.h ****  *
 247:D:/ghc/4700_motors/Libraries/XMCLib/inc\xmc_gpio.h ****  *  \par<b>Related APIs:</b><BR>
 248:D:/ghc/4700_motors/Libraries/XMCLib/inc\xmc_gpio.h ****  *  XMC_GPIO_SetOutputLow()
 249:D:/ghc/4700_motors/Libraries/XMCLib/inc\xmc_gpio.h ****  *
 250:D:/ghc/4700_motors/Libraries/XMCLib/inc\xmc_gpio.h ****  * \par<b>Note:</b><br>
 251:D:/ghc/4700_motors/Libraries/XMCLib/inc\xmc_gpio.h ****  * Prior to this api, user has to configure port pin to output mode using XMC_GPIO_SetMode().\n
 252:D:/ghc/4700_motors/Libraries/XMCLib/inc\xmc_gpio.h ****  * Register Pn_OMR is virtual and does not contain any flip-flop. A read action delivers the value 
 253:D:/ghc/4700_motors/Libraries/XMCLib/inc\xmc_gpio.h ****  *
 254:D:/ghc/4700_motors/Libraries/XMCLib/inc\xmc_gpio.h ****  */
 255:D:/ghc/4700_motors/Libraries/XMCLib/inc\xmc_gpio.h **** 
 256:D:/ghc/4700_motors/Libraries/XMCLib/inc\xmc_gpio.h **** __STATIC_INLINE void XMC_GPIO_SetOutputHigh(XMC_GPIO_PORT_t *const port, const uint8_t pin)
 257:D:/ghc/4700_motors/Libraries/XMCLib/inc\xmc_gpio.h **** {
  27              	 .loc 1 257 0
  28              	 .cfi_startproc
  29              	 
  30              	 
  31              	 
  32 0000 80B4     	 push {r7}
  33              	.LCFI0:
  34              	 .cfi_def_cfa_offset 4
  35              	 .cfi_offset 7,-4
  36 0002 83B0     	 sub sp,sp,#12
  37              	.LCFI1:
  38              	 .cfi_def_cfa_offset 16
  39 0004 00AF     	 add r7,sp,#0
  40              	.LCFI2:
  41              	 .cfi_def_cfa_register 7
  42 0006 7860     	 str r0,[r7,#4]
  43 0008 0B46     	 mov r3,r1
  44 000a FB70     	 strb r3,[r7,#3]
 258:D:/ghc/4700_motors/Libraries/XMCLib/inc\xmc_gpio.h ****   XMC_ASSERT("XMC_GPIO_SetOutputHigh: Invalid port", XMC_GPIO_CHECK_OUTPUT_PORT(port));
 259:D:/ghc/4700_motors/Libraries/XMCLib/inc\xmc_gpio.h **** 
 260:D:/ghc/4700_motors/Libraries/XMCLib/inc\xmc_gpio.h ****   port->OMR = (uint32_t)0x1U << pin;
  45              	 .loc 1 260 0
  46 000c FB78     	 ldrb r3,[r7,#3]
  47 000e 0122     	 movs r2,#1
  48 0010 9A40     	 lsls r2,r2,r3
  49 0012 7B68     	 ldr r3,[r7,#4]
  50 0014 5A60     	 str r2,[r3,#4]
 261:D:/ghc/4700_motors/Libraries/XMCLib/inc\xmc_gpio.h **** }
  51              	 .loc 1 261 0
  52 0016 0C37     	 adds r7,r7,#12
  53              	.LCFI3:
  54              	 .cfi_def_cfa_offset 4
  55 0018 BD46     	 mov sp,r7
  56              	.LCFI4:
  57              	 .cfi_def_cfa_register 13
  58              	 
  59 001a 5DF8047B 	 ldr r7,[sp],#4
  60              	.LCFI5:
  61              	 .cfi_restore 7
  62              	 .cfi_def_cfa_offset 0
  63 001e 7047     	 bx lr
  64              	 .cfi_endproc
  65              	.LFE137:
  67              	 .section .text.XMC_GPIO_SetOutputLow,"ax",%progbits
  68              	 .align 2
  69              	 .thumb
  70              	 .thumb_func
  72              	XMC_GPIO_SetOutputLow:
  73              	.LFB138:
 262:D:/ghc/4700_motors/Libraries/XMCLib/inc\xmc_gpio.h **** 
 263:D:/ghc/4700_motors/Libraries/XMCLib/inc\xmc_gpio.h **** /**
 264:D:/ghc/4700_motors/Libraries/XMCLib/inc\xmc_gpio.h ****  *
 265:D:/ghc/4700_motors/Libraries/XMCLib/inc\xmc_gpio.h ****  * @param  port	constant pointer pointing to GPIO port, to access hardware register Pn_OMR.
 266:D:/ghc/4700_motors/Libraries/XMCLib/inc\xmc_gpio.h ****  * @param  pin	port pin number.
 267:D:/ghc/4700_motors/Libraries/XMCLib/inc\xmc_gpio.h ****  *
 268:D:/ghc/4700_motors/Libraries/XMCLib/inc\xmc_gpio.h ****  * @return  None
 269:D:/ghc/4700_motors/Libraries/XMCLib/inc\xmc_gpio.h ****  *
 270:D:/ghc/4700_motors/Libraries/XMCLib/inc\xmc_gpio.h ****  *\par<b>Description:</b><br>
 271:D:/ghc/4700_motors/Libraries/XMCLib/inc\xmc_gpio.h ****  * Sets port pin output to low. It configures hardware registers Pn_OMR.\n
 272:D:/ghc/4700_motors/Libraries/XMCLib/inc\xmc_gpio.h ****  *
 273:D:/ghc/4700_motors/Libraries/XMCLib/inc\xmc_gpio.h ****  * \par<b>Related APIs:</b><BR>>
 274:D:/ghc/4700_motors/Libraries/XMCLib/inc\xmc_gpio.h ****  * XMC_GPIO_SetOutputHigh()
 275:D:/ghc/4700_motors/Libraries/XMCLib/inc\xmc_gpio.h ****  *
 276:D:/ghc/4700_motors/Libraries/XMCLib/inc\xmc_gpio.h ****  *\par<b>Note:</b><br>
 277:D:/ghc/4700_motors/Libraries/XMCLib/inc\xmc_gpio.h ****  * Prior to this api, user has to configure port pin to output mode using XMC_GPIO_SetMode().
 278:D:/ghc/4700_motors/Libraries/XMCLib/inc\xmc_gpio.h ****  * Register Pn_OMR is virtual and does not contain any flip-flop. A read action delivers the value 
 279:D:/ghc/4700_motors/Libraries/XMCLib/inc\xmc_gpio.h ****  *
 280:D:/ghc/4700_motors/Libraries/XMCLib/inc\xmc_gpio.h ****  */
 281:D:/ghc/4700_motors/Libraries/XMCLib/inc\xmc_gpio.h **** 
 282:D:/ghc/4700_motors/Libraries/XMCLib/inc\xmc_gpio.h **** __STATIC_INLINE void XMC_GPIO_SetOutputLow(XMC_GPIO_PORT_t *const port, const uint8_t pin)
 283:D:/ghc/4700_motors/Libraries/XMCLib/inc\xmc_gpio.h **** {
  74              	 .loc 1 283 0
  75              	 .cfi_startproc
  76              	 
  77              	 
  78              	 
  79 0000 80B4     	 push {r7}
  80              	.LCFI6:
  81              	 .cfi_def_cfa_offset 4
  82              	 .cfi_offset 7,-4
  83 0002 83B0     	 sub sp,sp,#12
  84              	.LCFI7:
  85              	 .cfi_def_cfa_offset 16
  86 0004 00AF     	 add r7,sp,#0
  87              	.LCFI8:
  88              	 .cfi_def_cfa_register 7
  89 0006 7860     	 str r0,[r7,#4]
  90 0008 0B46     	 mov r3,r1
  91 000a FB70     	 strb r3,[r7,#3]
 284:D:/ghc/4700_motors/Libraries/XMCLib/inc\xmc_gpio.h ****   XMC_ASSERT("XMC_GPIO_SetOutputLow: Invalid port", XMC_GPIO_CHECK_OUTPUT_PORT(port));
 285:D:/ghc/4700_motors/Libraries/XMCLib/inc\xmc_gpio.h **** 
 286:D:/ghc/4700_motors/Libraries/XMCLib/inc\xmc_gpio.h ****   port->OMR = 0x10000U << pin;
  92              	 .loc 1 286 0
  93 000c FB78     	 ldrb r3,[r7,#3]
  94 000e 4FF48032 	 mov r2,#65536
  95 0012 9A40     	 lsls r2,r2,r3
  96 0014 7B68     	 ldr r3,[r7,#4]
  97 0016 5A60     	 str r2,[r3,#4]
 287:D:/ghc/4700_motors/Libraries/XMCLib/inc\xmc_gpio.h **** }
  98              	 .loc 1 287 0
  99 0018 0C37     	 adds r7,r7,#12
 100              	.LCFI9:
 101              	 .cfi_def_cfa_offset 4
 102 001a BD46     	 mov sp,r7
 103              	.LCFI10:
 104              	 .cfi_def_cfa_register 13
 105              	 
 106 001c 5DF8047B 	 ldr r7,[sp],#4
 107              	.LCFI11:
 108              	 .cfi_restore 7
 109              	 .cfi_def_cfa_offset 0
 110 0020 7047     	 bx lr
 111              	 .cfi_endproc
 112              	.LFE138:
 114 0022 00BF     	 .section .text.DIGITAL_IO_SetOutputHigh,"ax",%progbits
 115              	 .align 2
 116              	 .thumb
 117              	 .thumb_func
 119              	DIGITAL_IO_SetOutputHigh:
 120              	.LFB145:
 121              	 .file 2 "D:/ghc/4700_motors/Dave/Generated/DIGITAL_IO/digital_io.h"
   1:D:/ghc/4700_motors/Dave/Generated/DIGITAL_IO\digital_io.h **** /*
   2:D:/ghc/4700_motors/Dave/Generated/DIGITAL_IO\digital_io.h ****  *
   3:D:/ghc/4700_motors/Dave/Generated/DIGITAL_IO\digital_io.h ****  * @file digital_io.h
   4:D:/ghc/4700_motors/Dave/Generated/DIGITAL_IO\digital_io.h ****  * @date 2016-07-08
   5:D:/ghc/4700_motors/Dave/Generated/DIGITAL_IO\digital_io.h ****  *
   6:D:/ghc/4700_motors/Dave/Generated/DIGITAL_IO\digital_io.h ****  * NOTE:
   7:D:/ghc/4700_motors/Dave/Generated/DIGITAL_IO\digital_io.h ****  * This file is generated by DAVE. Any manual modification done to this file will be lost when the 
   8:D:/ghc/4700_motors/Dave/Generated/DIGITAL_IO\digital_io.h ****  *
   9:D:/ghc/4700_motors/Dave/Generated/DIGITAL_IO\digital_io.h ****  * @cond
  10:D:/ghc/4700_motors/Dave/Generated/DIGITAL_IO\digital_io.h ****  **************************************************************************************************
  11:D:/ghc/4700_motors/Dave/Generated/DIGITAL_IO\digital_io.h ****  * DIGITAL_IO v4.0.16 - The DIGITAL_IO APP is used to configure a port pin as digital Input/Output.
  12:D:/ghc/4700_motors/Dave/Generated/DIGITAL_IO\digital_io.h ****  *
  13:D:/ghc/4700_motors/Dave/Generated/DIGITAL_IO\digital_io.h ****  * Copyright (c) 2015-2016, Infineon Technologies AG
  14:D:/ghc/4700_motors/Dave/Generated/DIGITAL_IO\digital_io.h ****  * All rights reserved.
  15:D:/ghc/4700_motors/Dave/Generated/DIGITAL_IO\digital_io.h ****  *
  16:D:/ghc/4700_motors/Dave/Generated/DIGITAL_IO\digital_io.h ****  * Redistribution and use in source and binary forms, with or without modification,are permitted pr
  17:D:/ghc/4700_motors/Dave/Generated/DIGITAL_IO\digital_io.h ****  * following conditions are met:
  18:D:/ghc/4700_motors/Dave/Generated/DIGITAL_IO\digital_io.h ****  *
  19:D:/ghc/4700_motors/Dave/Generated/DIGITAL_IO\digital_io.h ****  *   Redistributions of source code must retain the above copyright notice, this list of conditions
  20:D:/ghc/4700_motors/Dave/Generated/DIGITAL_IO\digital_io.h ****  *   disclaimer.
  21:D:/ghc/4700_motors/Dave/Generated/DIGITAL_IO\digital_io.h ****  *
  22:D:/ghc/4700_motors/Dave/Generated/DIGITAL_IO\digital_io.h ****  *   Redistributions in binary form must reproduce the above copyright notice, this list of conditi
  23:D:/ghc/4700_motors/Dave/Generated/DIGITAL_IO\digital_io.h ****  *   following disclaimer in the documentation and/or other materials provided with the distributio
  24:D:/ghc/4700_motors/Dave/Generated/DIGITAL_IO\digital_io.h ****  *
  25:D:/ghc/4700_motors/Dave/Generated/DIGITAL_IO\digital_io.h ****  *   Neither the name of the copyright holders nor the names of its contributors may be used to end
  26:D:/ghc/4700_motors/Dave/Generated/DIGITAL_IO\digital_io.h ****  *   products derived from this software without specific prior written permission.
  27:D:/ghc/4700_motors/Dave/Generated/DIGITAL_IO\digital_io.h ****  *
  28:D:/ghc/4700_motors/Dave/Generated/DIGITAL_IO\digital_io.h ****  * THIS SOFTWARE IS PROVIDED BY THE COPYRIGHT HOLDERS AND CONTRIBUTORS "AS IS" AND ANY EXPRESS OR I
  29:D:/ghc/4700_motors/Dave/Generated/DIGITAL_IO\digital_io.h ****  * INCLUDING, BUT NOT LIMITED TO, THE IMPLIED WARRANTIES OF MERCHANTABILITY AND FITNESS FOR A PARTI
  30:D:/ghc/4700_motors/Dave/Generated/DIGITAL_IO\digital_io.h ****  * DISCLAIMED. IN NO EVENT SHALL THE COPYRIGHT HOLDER OR CONTRIBUTORS BE LIABLE  FOR ANY DIRECT, IN
  31:D:/ghc/4700_motors/Dave/Generated/DIGITAL_IO\digital_io.h ****  * SPECIAL, EXEMPLARY, OR CONSEQUENTIAL DAMAGES (INCLUDING, BUT NOT LIMITED TO, PROCUREMENT OF SUBS
  32:D:/ghc/4700_motors/Dave/Generated/DIGITAL_IO\digital_io.h ****  * SERVICES; LOSS OF USE, DATA, OR PROFITS; OR BUSINESS INTERRUPTION) HOWEVER CAUSED AND ON ANY THE
  33:D:/ghc/4700_motors/Dave/Generated/DIGITAL_IO\digital_io.h ****  * WHETHER IN CONTRACT, STRICT LIABILITY,OR TORT (INCLUDING NEGLIGENCE OR OTHERWISE) ARISING IN ANY
  34:D:/ghc/4700_motors/Dave/Generated/DIGITAL_IO\digital_io.h ****  * USE OF THIS SOFTWARE, EVEN IF ADVISED OF THE POSSIBILITY OF SUCH DAMAGE.
  35:D:/ghc/4700_motors/Dave/Generated/DIGITAL_IO\digital_io.h ****  *
  36:D:/ghc/4700_motors/Dave/Generated/DIGITAL_IO\digital_io.h ****  * To improve the quality of the software, users are encouraged to share modifications, enhancement
  37:D:/ghc/4700_motors/Dave/Generated/DIGITAL_IO\digital_io.h ****  * with Infineon Technologies AG (dave@infineon.com).
  38:D:/ghc/4700_motors/Dave/Generated/DIGITAL_IO\digital_io.h ****  **************************************************************************************************
  39:D:/ghc/4700_motors/Dave/Generated/DIGITAL_IO\digital_io.h ****  *
  40:D:/ghc/4700_motors/Dave/Generated/DIGITAL_IO\digital_io.h ****  * Change History
  41:D:/ghc/4700_motors/Dave/Generated/DIGITAL_IO\digital_io.h ****  * --------------
  42:D:/ghc/4700_motors/Dave/Generated/DIGITAL_IO\digital_io.h ****  *
  43:D:/ghc/4700_motors/Dave/Generated/DIGITAL_IO\digital_io.h ****  * 2015-02-16
  44:D:/ghc/4700_motors/Dave/Generated/DIGITAL_IO\digital_io.h ****  *     - Initial version
  45:D:/ghc/4700_motors/Dave/Generated/DIGITAL_IO\digital_io.h ****  *
  46:D:/ghc/4700_motors/Dave/Generated/DIGITAL_IO\digital_io.h ****  * 2015-04-22
  47:D:/ghc/4700_motors/Dave/Generated/DIGITAL_IO\digital_io.h ****  *     - XMC_ASSERT is added in static inline functions.<br>
  48:D:/ghc/4700_motors/Dave/Generated/DIGITAL_IO\digital_io.h ****  *
  49:D:/ghc/4700_motors/Dave/Generated/DIGITAL_IO\digital_io.h ****  * 2015-06-20
  50:D:/ghc/4700_motors/Dave/Generated/DIGITAL_IO\digital_io.h ****  *     - Version check added for XMCLib dependency.<br>
  51:D:/ghc/4700_motors/Dave/Generated/DIGITAL_IO\digital_io.h ****  *
  52:D:/ghc/4700_motors/Dave/Generated/DIGITAL_IO\digital_io.h ****  * 2015-12-22
  53:D:/ghc/4700_motors/Dave/Generated/DIGITAL_IO\digital_io.h ****  *     - Added hardware controlled IO feature.
  54:D:/ghc/4700_motors/Dave/Generated/DIGITAL_IO\digital_io.h ****  * 2016-07-08:
  55:D:/ghc/4700_motors/Dave/Generated/DIGITAL_IO\digital_io.h ****  *     - Fixed incorrect case for an included header.<br>
  56:D:/ghc/4700_motors/Dave/Generated/DIGITAL_IO\digital_io.h ****  *
  57:D:/ghc/4700_motors/Dave/Generated/DIGITAL_IO\digital_io.h ****  * @endcond
  58:D:/ghc/4700_motors/Dave/Generated/DIGITAL_IO\digital_io.h ****  *
  59:D:/ghc/4700_motors/Dave/Generated/DIGITAL_IO\digital_io.h ****  */
  60:D:/ghc/4700_motors/Dave/Generated/DIGITAL_IO\digital_io.h **** 
  61:D:/ghc/4700_motors/Dave/Generated/DIGITAL_IO\digital_io.h **** /**************************************************************************************************
  62:D:/ghc/4700_motors/Dave/Generated/DIGITAL_IO\digital_io.h ****  * HEADER FILES
  63:D:/ghc/4700_motors/Dave/Generated/DIGITAL_IO\digital_io.h ****  **************************************************************************************************
  64:D:/ghc/4700_motors/Dave/Generated/DIGITAL_IO\digital_io.h **** 
  65:D:/ghc/4700_motors/Dave/Generated/DIGITAL_IO\digital_io.h **** #ifndef DIGITAL_IO_H
  66:D:/ghc/4700_motors/Dave/Generated/DIGITAL_IO\digital_io.h **** #define DIGITAL_IO_H
  67:D:/ghc/4700_motors/Dave/Generated/DIGITAL_IO\digital_io.h **** 
  68:D:/ghc/4700_motors/Dave/Generated/DIGITAL_IO\digital_io.h **** #include <xmc_gpio.h>
  69:D:/ghc/4700_motors/Dave/Generated/DIGITAL_IO\digital_io.h **** #include <DAVE_Common.h>
  70:D:/ghc/4700_motors/Dave/Generated/DIGITAL_IO\digital_io.h **** #include "digital_io_conf.h"
  71:D:/ghc/4700_motors/Dave/Generated/DIGITAL_IO\digital_io.h **** 
  72:D:/ghc/4700_motors/Dave/Generated/DIGITAL_IO\digital_io.h **** /**************************************************************************************************
  73:D:/ghc/4700_motors/Dave/Generated/DIGITAL_IO\digital_io.h ****  * MACROS
  74:D:/ghc/4700_motors/Dave/Generated/DIGITAL_IO\digital_io.h ****  **************************************************************************************************
  75:D:/ghc/4700_motors/Dave/Generated/DIGITAL_IO\digital_io.h **** #if (!((XMC_LIB_MAJOR_VERSION == 2U) && \
  76:D:/ghc/4700_motors/Dave/Generated/DIGITAL_IO\digital_io.h ****        (XMC_LIB_MINOR_VERSION >= 0U) && \
  77:D:/ghc/4700_motors/Dave/Generated/DIGITAL_IO\digital_io.h ****        (XMC_LIB_PATCH_VERSION >= 0U)))
  78:D:/ghc/4700_motors/Dave/Generated/DIGITAL_IO\digital_io.h **** #error "DIGITAL_IO requires XMC Peripheral Library v2.0.0 or higher"
  79:D:/ghc/4700_motors/Dave/Generated/DIGITAL_IO\digital_io.h **** #endif
  80:D:/ghc/4700_motors/Dave/Generated/DIGITAL_IO\digital_io.h **** 
  81:D:/ghc/4700_motors/Dave/Generated/DIGITAL_IO\digital_io.h ****  /*************************************************************************************************
  82:D:/ghc/4700_motors/Dave/Generated/DIGITAL_IO\digital_io.h ****  * ENUMS
  83:D:/ghc/4700_motors/Dave/Generated/DIGITAL_IO\digital_io.h ****  **************************************************************************************************
  84:D:/ghc/4700_motors/Dave/Generated/DIGITAL_IO\digital_io.h **** 
  85:D:/ghc/4700_motors/Dave/Generated/DIGITAL_IO\digital_io.h **** /**
  86:D:/ghc/4700_motors/Dave/Generated/DIGITAL_IO\digital_io.h **** * @ingroup DIGITAL_IO_enumerations
  87:D:/ghc/4700_motors/Dave/Generated/DIGITAL_IO\digital_io.h **** * @{
  88:D:/ghc/4700_motors/Dave/Generated/DIGITAL_IO\digital_io.h **** */
  89:D:/ghc/4700_motors/Dave/Generated/DIGITAL_IO\digital_io.h **** 
  90:D:/ghc/4700_motors/Dave/Generated/DIGITAL_IO\digital_io.h **** /**
  91:D:/ghc/4700_motors/Dave/Generated/DIGITAL_IO\digital_io.h **** * @brief Initialization status of DIGITAL_IO APP.
  92:D:/ghc/4700_motors/Dave/Generated/DIGITAL_IO\digital_io.h **** */
  93:D:/ghc/4700_motors/Dave/Generated/DIGITAL_IO\digital_io.h **** typedef enum DIGITAL_IO_STATUS
  94:D:/ghc/4700_motors/Dave/Generated/DIGITAL_IO\digital_io.h **** {
  95:D:/ghc/4700_motors/Dave/Generated/DIGITAL_IO\digital_io.h ****   DIGITAL_IO_STATUS_OK = 0U,/**< 0=Status OK */
  96:D:/ghc/4700_motors/Dave/Generated/DIGITAL_IO\digital_io.h ****   DIGITAL_IO_STATUS_FAILURE = 1U/**< 1=Status Failed */
  97:D:/ghc/4700_motors/Dave/Generated/DIGITAL_IO\digital_io.h **** } DIGITAL_IO_STATUS_t;
  98:D:/ghc/4700_motors/Dave/Generated/DIGITAL_IO\digital_io.h **** 
  99:D:/ghc/4700_motors/Dave/Generated/DIGITAL_IO\digital_io.h **** /**
 100:D:/ghc/4700_motors/Dave/Generated/DIGITAL_IO\digital_io.h **** * @}
 101:D:/ghc/4700_motors/Dave/Generated/DIGITAL_IO\digital_io.h **** */
 102:D:/ghc/4700_motors/Dave/Generated/DIGITAL_IO\digital_io.h **** 
 103:D:/ghc/4700_motors/Dave/Generated/DIGITAL_IO\digital_io.h **** /**************************************************************************************************
 104:D:/ghc/4700_motors/Dave/Generated/DIGITAL_IO\digital_io.h ****  * DATA STRUCTURES
 105:D:/ghc/4700_motors/Dave/Generated/DIGITAL_IO\digital_io.h ****  **************************************************************************************************
 106:D:/ghc/4700_motors/Dave/Generated/DIGITAL_IO\digital_io.h **** /**
 107:D:/ghc/4700_motors/Dave/Generated/DIGITAL_IO\digital_io.h **** * @ingroup DIGITAL_IO_datastructures
 108:D:/ghc/4700_motors/Dave/Generated/DIGITAL_IO\digital_io.h **** * @{
 109:D:/ghc/4700_motors/Dave/Generated/DIGITAL_IO\digital_io.h **** */
 110:D:/ghc/4700_motors/Dave/Generated/DIGITAL_IO\digital_io.h **** 
 111:D:/ghc/4700_motors/Dave/Generated/DIGITAL_IO\digital_io.h **** /**
 112:D:/ghc/4700_motors/Dave/Generated/DIGITAL_IO\digital_io.h **** * @brief Initialization data structure of DIGITAL_IO APP
 113:D:/ghc/4700_motors/Dave/Generated/DIGITAL_IO\digital_io.h **** */
 114:D:/ghc/4700_motors/Dave/Generated/DIGITAL_IO\digital_io.h **** typedef struct DIGITAL_IO
 115:D:/ghc/4700_motors/Dave/Generated/DIGITAL_IO\digital_io.h **** {
 116:D:/ghc/4700_motors/Dave/Generated/DIGITAL_IO\digital_io.h ****   XMC_GPIO_PORT_t *const gpio_port;             /**< port number */
 117:D:/ghc/4700_motors/Dave/Generated/DIGITAL_IO\digital_io.h ****   const XMC_GPIO_CONFIG_t gpio_config;          /**< mode, initial output level and pad driver stre
 118:D:/ghc/4700_motors/Dave/Generated/DIGITAL_IO\digital_io.h ****   const uint8_t gpio_pin;                       /**< pin number */
 119:D:/ghc/4700_motors/Dave/Generated/DIGITAL_IO\digital_io.h ****   const XMC_GPIO_HWCTRL_t hwctrl;               /**< Hardware port control */
 120:D:/ghc/4700_motors/Dave/Generated/DIGITAL_IO\digital_io.h **** } DIGITAL_IO_t;
 121:D:/ghc/4700_motors/Dave/Generated/DIGITAL_IO\digital_io.h **** 
 122:D:/ghc/4700_motors/Dave/Generated/DIGITAL_IO\digital_io.h **** 
 123:D:/ghc/4700_motors/Dave/Generated/DIGITAL_IO\digital_io.h **** /**
 124:D:/ghc/4700_motors/Dave/Generated/DIGITAL_IO\digital_io.h **** * @}
 125:D:/ghc/4700_motors/Dave/Generated/DIGITAL_IO\digital_io.h **** */
 126:D:/ghc/4700_motors/Dave/Generated/DIGITAL_IO\digital_io.h **** 
 127:D:/ghc/4700_motors/Dave/Generated/DIGITAL_IO\digital_io.h **** 
 128:D:/ghc/4700_motors/Dave/Generated/DIGITAL_IO\digital_io.h **** /**************************************************************************************************
 129:D:/ghc/4700_motors/Dave/Generated/DIGITAL_IO\digital_io.h ****  * API Prototypes
 130:D:/ghc/4700_motors/Dave/Generated/DIGITAL_IO\digital_io.h ****  **************************************************************************************************
 131:D:/ghc/4700_motors/Dave/Generated/DIGITAL_IO\digital_io.h **** 
 132:D:/ghc/4700_motors/Dave/Generated/DIGITAL_IO\digital_io.h **** 
 133:D:/ghc/4700_motors/Dave/Generated/DIGITAL_IO\digital_io.h **** #ifdef __cplusplus
 134:D:/ghc/4700_motors/Dave/Generated/DIGITAL_IO\digital_io.h **** extern "C" {
 135:D:/ghc/4700_motors/Dave/Generated/DIGITAL_IO\digital_io.h **** #endif
 136:D:/ghc/4700_motors/Dave/Generated/DIGITAL_IO\digital_io.h **** 
 137:D:/ghc/4700_motors/Dave/Generated/DIGITAL_IO\digital_io.h **** /**
 138:D:/ghc/4700_motors/Dave/Generated/DIGITAL_IO\digital_io.h **** * @ingroup DIGITAL_IO_apidoc
 139:D:/ghc/4700_motors/Dave/Generated/DIGITAL_IO\digital_io.h **** * @{
 140:D:/ghc/4700_motors/Dave/Generated/DIGITAL_IO\digital_io.h **** */
 141:D:/ghc/4700_motors/Dave/Generated/DIGITAL_IO\digital_io.h **** 
 142:D:/ghc/4700_motors/Dave/Generated/DIGITAL_IO\digital_io.h **** 
 143:D:/ghc/4700_motors/Dave/Generated/DIGITAL_IO\digital_io.h **** 
 144:D:/ghc/4700_motors/Dave/Generated/DIGITAL_IO\digital_io.h **** /**
 145:D:/ghc/4700_motors/Dave/Generated/DIGITAL_IO\digital_io.h **** * @brief Get DIGITAL_IO APP version
 146:D:/ghc/4700_motors/Dave/Generated/DIGITAL_IO\digital_io.h **** * @return DAVE_APP_VERSION_t APP version information (major, minor and patch number)
 147:D:/ghc/4700_motors/Dave/Generated/DIGITAL_IO\digital_io.h **** *
 148:D:/ghc/4700_motors/Dave/Generated/DIGITAL_IO\digital_io.h **** * \par<b>Description: </b><br>
 149:D:/ghc/4700_motors/Dave/Generated/DIGITAL_IO\digital_io.h **** * The function can be used to check application software compatibility with a
 150:D:/ghc/4700_motors/Dave/Generated/DIGITAL_IO\digital_io.h **** * specific version of the APP.
 151:D:/ghc/4700_motors/Dave/Generated/DIGITAL_IO\digital_io.h **** *
 152:D:/ghc/4700_motors/Dave/Generated/DIGITAL_IO\digital_io.h **** * Example Usage:
 153:D:/ghc/4700_motors/Dave/Generated/DIGITAL_IO\digital_io.h **** *
 154:D:/ghc/4700_motors/Dave/Generated/DIGITAL_IO\digital_io.h **** * @code
 155:D:/ghc/4700_motors/Dave/Generated/DIGITAL_IO\digital_io.h **** * #include <DAVE.h>
 156:D:/ghc/4700_motors/Dave/Generated/DIGITAL_IO\digital_io.h **** *
 157:D:/ghc/4700_motors/Dave/Generated/DIGITAL_IO\digital_io.h **** * int main(void)
 158:D:/ghc/4700_motors/Dave/Generated/DIGITAL_IO\digital_io.h **** * {
 159:D:/ghc/4700_motors/Dave/Generated/DIGITAL_IO\digital_io.h **** *   DAVE_STATUS_t init_status;
 160:D:/ghc/4700_motors/Dave/Generated/DIGITAL_IO\digital_io.h **** *   DAVE_APP_VERSION_t version;
 161:D:/ghc/4700_motors/Dave/Generated/DIGITAL_IO\digital_io.h **** *
 162:D:/ghc/4700_motors/Dave/Generated/DIGITAL_IO\digital_io.h **** *   // Initialize DIGITAL_IO APP:
 163:D:/ghc/4700_motors/Dave/Generated/DIGITAL_IO\digital_io.h **** *   // DIGITAL_IO_Init() is called from within DAVE_Init().
 164:D:/ghc/4700_motors/Dave/Generated/DIGITAL_IO\digital_io.h **** *   init_status = DAVE_Init();
 165:D:/ghc/4700_motors/Dave/Generated/DIGITAL_IO\digital_io.h **** *   if(init_status == DAVE_STATUS_SUCCESS)
 166:D:/ghc/4700_motors/Dave/Generated/DIGITAL_IO\digital_io.h **** *   {
 167:D:/ghc/4700_motors/Dave/Generated/DIGITAL_IO\digital_io.h **** *     version = DIGITAL_IO_GetAppVersion();
 168:D:/ghc/4700_motors/Dave/Generated/DIGITAL_IO\digital_io.h **** *     if (version.major != 4U) {
 169:D:/ghc/4700_motors/Dave/Generated/DIGITAL_IO\digital_io.h **** *     // Probably, not the right version.
 170:D:/ghc/4700_motors/Dave/Generated/DIGITAL_IO\digital_io.h **** *     }
 171:D:/ghc/4700_motors/Dave/Generated/DIGITAL_IO\digital_io.h **** *   }
 172:D:/ghc/4700_motors/Dave/Generated/DIGITAL_IO\digital_io.h **** *
 173:D:/ghc/4700_motors/Dave/Generated/DIGITAL_IO\digital_io.h **** *     // More code here
 174:D:/ghc/4700_motors/Dave/Generated/DIGITAL_IO\digital_io.h **** *     while(1) {
 175:D:/ghc/4700_motors/Dave/Generated/DIGITAL_IO\digital_io.h **** *
 176:D:/ghc/4700_motors/Dave/Generated/DIGITAL_IO\digital_io.h **** *     }
 177:D:/ghc/4700_motors/Dave/Generated/DIGITAL_IO\digital_io.h **** *     return (1);
 178:D:/ghc/4700_motors/Dave/Generated/DIGITAL_IO\digital_io.h **** *  }
 179:D:/ghc/4700_motors/Dave/Generated/DIGITAL_IO\digital_io.h **** * @endcode<BR>
 180:D:/ghc/4700_motors/Dave/Generated/DIGITAL_IO\digital_io.h **** */
 181:D:/ghc/4700_motors/Dave/Generated/DIGITAL_IO\digital_io.h **** 
 182:D:/ghc/4700_motors/Dave/Generated/DIGITAL_IO\digital_io.h **** DAVE_APP_VERSION_t DIGITAL_IO_GetAppVersion(void);
 183:D:/ghc/4700_motors/Dave/Generated/DIGITAL_IO\digital_io.h **** 
 184:D:/ghc/4700_motors/Dave/Generated/DIGITAL_IO\digital_io.h **** /**
 185:D:/ghc/4700_motors/Dave/Generated/DIGITAL_IO\digital_io.h **** *
 186:D:/ghc/4700_motors/Dave/Generated/DIGITAL_IO\digital_io.h **** * @brief Function to initialize the port pin as per UI settings.
 187:D:/ghc/4700_motors/Dave/Generated/DIGITAL_IO\digital_io.h **** * @param handler Pointer pointing to APP data structure. Refer @ref DIGITAL_IO_t for details.
 188:D:/ghc/4700_motors/Dave/Generated/DIGITAL_IO\digital_io.h **** * @return DIGITAL_IO_STATUS_t DIGITAL_IO APP status. Refer @ref DIGITAL_IO_STATUS_t structure for d
 189:D:/ghc/4700_motors/Dave/Generated/DIGITAL_IO\digital_io.h **** *
 190:D:/ghc/4700_motors/Dave/Generated/DIGITAL_IO\digital_io.h **** * \par<b>Description:</b><br>
 191:D:/ghc/4700_motors/Dave/Generated/DIGITAL_IO\digital_io.h **** * This function initializes GPIO port registers IOCR,PDISC,OMR,PDR/PHCR to configure pin direction,
 192:D:/ghc/4700_motors/Dave/Generated/DIGITAL_IO\digital_io.h **** * and pad driver strength/hysteresis.
 193:D:/ghc/4700_motors/Dave/Generated/DIGITAL_IO\digital_io.h **** *
 194:D:/ghc/4700_motors/Dave/Generated/DIGITAL_IO\digital_io.h **** * \par<b>Related APIs:</b><BR>
 195:D:/ghc/4700_motors/Dave/Generated/DIGITAL_IO\digital_io.h **** * None
 196:D:/ghc/4700_motors/Dave/Generated/DIGITAL_IO\digital_io.h **** *
 197:D:/ghc/4700_motors/Dave/Generated/DIGITAL_IO\digital_io.h **** * Example Usage:
 198:D:/ghc/4700_motors/Dave/Generated/DIGITAL_IO\digital_io.h **** * @code
 199:D:/ghc/4700_motors/Dave/Generated/DIGITAL_IO\digital_io.h **** * #include <DAVE.h>//Declarations from DAVE Code Generation (includes SFR declaration)
 200:D:/ghc/4700_motors/Dave/Generated/DIGITAL_IO\digital_io.h **** * int main(void)
 201:D:/ghc/4700_motors/Dave/Generated/DIGITAL_IO\digital_io.h **** * {
 202:D:/ghc/4700_motors/Dave/Generated/DIGITAL_IO\digital_io.h **** *   DAVE_STATUS_t status;
 203:D:/ghc/4700_motors/Dave/Generated/DIGITAL_IO\digital_io.h **** *   status = DAVE_Init();  //(DAVE_STATUS_t)DIGITAL_IO_Init(&DIGITAL_IO_0) is called within DAVE_In
 204:D:/ghc/4700_motors/Dave/Generated/DIGITAL_IO\digital_io.h **** *   if(status == DAVE_STATUS_SUCCESS)
 205:D:/ghc/4700_motors/Dave/Generated/DIGITAL_IO\digital_io.h **** *   {
 206:D:/ghc/4700_motors/Dave/Generated/DIGITAL_IO\digital_io.h **** *     XMC_DEBUG("DAVE Apps initialization success\n");
 207:D:/ghc/4700_motors/Dave/Generated/DIGITAL_IO\digital_io.h **** *   }
 208:D:/ghc/4700_motors/Dave/Generated/DIGITAL_IO\digital_io.h **** *   else
 209:D:/ghc/4700_motors/Dave/Generated/DIGITAL_IO\digital_io.h **** *   {
 210:D:/ghc/4700_motors/Dave/Generated/DIGITAL_IO\digital_io.h **** *     XMC_DEBUG(("DAVE Apps initialization failed with status %d\n", status));
 211:D:/ghc/4700_motors/Dave/Generated/DIGITAL_IO\digital_io.h **** *     while(1U)
 212:D:/ghc/4700_motors/Dave/Generated/DIGITAL_IO\digital_io.h **** *     {
 213:D:/ghc/4700_motors/Dave/Generated/DIGITAL_IO\digital_io.h **** *     }
 214:D:/ghc/4700_motors/Dave/Generated/DIGITAL_IO\digital_io.h **** *   }
 215:D:/ghc/4700_motors/Dave/Generated/DIGITAL_IO\digital_io.h **** *   //Placeholder for user application code. The while loop below can be replaced with user applica
 216:D:/ghc/4700_motors/Dave/Generated/DIGITAL_IO\digital_io.h **** *   while(1U)
 217:D:/ghc/4700_motors/Dave/Generated/DIGITAL_IO\digital_io.h **** *   {
 218:D:/ghc/4700_motors/Dave/Generated/DIGITAL_IO\digital_io.h **** *   }
 219:D:/ghc/4700_motors/Dave/Generated/DIGITAL_IO\digital_io.h **** *   return 1U;
 220:D:/ghc/4700_motors/Dave/Generated/DIGITAL_IO\digital_io.h **** *  }
 221:D:/ghc/4700_motors/Dave/Generated/DIGITAL_IO\digital_io.h **** *  @endcode
 222:D:/ghc/4700_motors/Dave/Generated/DIGITAL_IO\digital_io.h **** */
 223:D:/ghc/4700_motors/Dave/Generated/DIGITAL_IO\digital_io.h **** 
 224:D:/ghc/4700_motors/Dave/Generated/DIGITAL_IO\digital_io.h **** DIGITAL_IO_STATUS_t DIGITAL_IO_Init(const DIGITAL_IO_t *const handler);
 225:D:/ghc/4700_motors/Dave/Generated/DIGITAL_IO\digital_io.h **** 
 226:D:/ghc/4700_motors/Dave/Generated/DIGITAL_IO\digital_io.h **** /**
 227:D:/ghc/4700_motors/Dave/Generated/DIGITAL_IO\digital_io.h **** *
 228:D:/ghc/4700_motors/Dave/Generated/DIGITAL_IO\digital_io.h **** * @brief Function to set port pin high.
 229:D:/ghc/4700_motors/Dave/Generated/DIGITAL_IO\digital_io.h **** * @param handler Pointer pointing to APP data structure. Refer @ref DIGITAL_IO_t for details.
 230:D:/ghc/4700_motors/Dave/Generated/DIGITAL_IO\digital_io.h **** * @return None
 231:D:/ghc/4700_motors/Dave/Generated/DIGITAL_IO\digital_io.h **** *
 232:D:/ghc/4700_motors/Dave/Generated/DIGITAL_IO\digital_io.h **** * \par<b>Description:</b><br>
 233:D:/ghc/4700_motors/Dave/Generated/DIGITAL_IO\digital_io.h **** * This function configures port output modification register Pn_OMR, to make port pin to high level
 234:D:/ghc/4700_motors/Dave/Generated/DIGITAL_IO\digital_io.h **** *
 235:D:/ghc/4700_motors/Dave/Generated/DIGITAL_IO\digital_io.h **** * \par<b>Related APIs:</b><BR>
 236:D:/ghc/4700_motors/Dave/Generated/DIGITAL_IO\digital_io.h **** *  DIGITAL_IO_SetOutputLow()
 237:D:/ghc/4700_motors/Dave/Generated/DIGITAL_IO\digital_io.h **** *
 238:D:/ghc/4700_motors/Dave/Generated/DIGITAL_IO\digital_io.h **** * Example Usage:
 239:D:/ghc/4700_motors/Dave/Generated/DIGITAL_IO\digital_io.h **** * @code
 240:D:/ghc/4700_motors/Dave/Generated/DIGITAL_IO\digital_io.h **** * #include <DAVE.h>//Declarations from DAVE Code Generation (includes SFR declaration)
 241:D:/ghc/4700_motors/Dave/Generated/DIGITAL_IO\digital_io.h **** * int main(void)
 242:D:/ghc/4700_motors/Dave/Generated/DIGITAL_IO\digital_io.h **** * {
 243:D:/ghc/4700_motors/Dave/Generated/DIGITAL_IO\digital_io.h **** *   DAVE_STATUS_t status;
 244:D:/ghc/4700_motors/Dave/Generated/DIGITAL_IO\digital_io.h **** *   status = DAVE_Init();  //(DAVE_STATUS_t)DIGITAL_IO_Init(&DIGITAL_IO_0) is called within DAVE_In
 245:D:/ghc/4700_motors/Dave/Generated/DIGITAL_IO\digital_io.h **** *   if(status == DAVE_STATUS_SUCCESS)
 246:D:/ghc/4700_motors/Dave/Generated/DIGITAL_IO\digital_io.h **** *   {
 247:D:/ghc/4700_motors/Dave/Generated/DIGITAL_IO\digital_io.h **** *     XMC_DEBUG("DAVE Apps initialization success\n");
 248:D:/ghc/4700_motors/Dave/Generated/DIGITAL_IO\digital_io.h **** *   }
 249:D:/ghc/4700_motors/Dave/Generated/DIGITAL_IO\digital_io.h **** *   else
 250:D:/ghc/4700_motors/Dave/Generated/DIGITAL_IO\digital_io.h **** *   {
 251:D:/ghc/4700_motors/Dave/Generated/DIGITAL_IO\digital_io.h **** *     XMC_DEBUG(("DAVE Apps initialization failed with status %d\n", status));
 252:D:/ghc/4700_motors/Dave/Generated/DIGITAL_IO\digital_io.h **** *     while(1U)
 253:D:/ghc/4700_motors/Dave/Generated/DIGITAL_IO\digital_io.h **** *     {
 254:D:/ghc/4700_motors/Dave/Generated/DIGITAL_IO\digital_io.h **** *     }
 255:D:/ghc/4700_motors/Dave/Generated/DIGITAL_IO\digital_io.h **** *   }
 256:D:/ghc/4700_motors/Dave/Generated/DIGITAL_IO\digital_io.h **** *   //Placeholder for user application code. The while loop below can be replaced with user applica
 257:D:/ghc/4700_motors/Dave/Generated/DIGITAL_IO\digital_io.h **** *   DIGITAL_IO_SetOutputHigh(&DIGITAL_IO_0);
 258:D:/ghc/4700_motors/Dave/Generated/DIGITAL_IO\digital_io.h **** *   while(1U)
 259:D:/ghc/4700_motors/Dave/Generated/DIGITAL_IO\digital_io.h **** *   {
 260:D:/ghc/4700_motors/Dave/Generated/DIGITAL_IO\digital_io.h **** *     // Add application code here
 261:D:/ghc/4700_motors/Dave/Generated/DIGITAL_IO\digital_io.h **** *   }
 262:D:/ghc/4700_motors/Dave/Generated/DIGITAL_IO\digital_io.h **** *
 263:D:/ghc/4700_motors/Dave/Generated/DIGITAL_IO\digital_io.h **** *   return (1);
 264:D:/ghc/4700_motors/Dave/Generated/DIGITAL_IO\digital_io.h **** * }
 265:D:/ghc/4700_motors/Dave/Generated/DIGITAL_IO\digital_io.h **** *  @endcode
 266:D:/ghc/4700_motors/Dave/Generated/DIGITAL_IO\digital_io.h **** */
 267:D:/ghc/4700_motors/Dave/Generated/DIGITAL_IO\digital_io.h **** 
 268:D:/ghc/4700_motors/Dave/Generated/DIGITAL_IO\digital_io.h **** __STATIC_INLINE void DIGITAL_IO_SetOutputHigh(const DIGITAL_IO_t *const handler)
 269:D:/ghc/4700_motors/Dave/Generated/DIGITAL_IO\digital_io.h **** {
 122              	 .loc 2 269 0
 123              	 .cfi_startproc
 124              	 
 125              	 
 126 0000 80B5     	 push {r7,lr}
 127              	.LCFI12:
 128              	 .cfi_def_cfa_offset 8
 129              	 .cfi_offset 7,-8
 130              	 .cfi_offset 14,-4
 131 0002 82B0     	 sub sp,sp,#8
 132              	.LCFI13:
 133              	 .cfi_def_cfa_offset 16
 134 0004 00AF     	 add r7,sp,#0
 135              	.LCFI14:
 136              	 .cfi_def_cfa_register 7
 137 0006 7860     	 str r0,[r7,#4]
 270:D:/ghc/4700_motors/Dave/Generated/DIGITAL_IO\digital_io.h ****   XMC_ASSERT("DIGITAL_IO_SetOutputHigh: handler null pointer", handler != NULL);
 271:D:/ghc/4700_motors/Dave/Generated/DIGITAL_IO\digital_io.h ****   XMC_GPIO_SetOutputHigh(handler->gpio_port, handler->gpio_pin);
 138              	 .loc 2 271 0
 139 0008 7B68     	 ldr r3,[r7,#4]
 140 000a 1A68     	 ldr r2,[r3]
 141 000c 7B68     	 ldr r3,[r7,#4]
 142 000e 1B7C     	 ldrb r3,[r3,#16]
 143 0010 1046     	 mov r0,r2
 144 0012 1946     	 mov r1,r3
 145 0014 FFF7FEFF 	 bl XMC_GPIO_SetOutputHigh
 272:D:/ghc/4700_motors/Dave/Generated/DIGITAL_IO\digital_io.h **** }
 146              	 .loc 2 272 0
 147 0018 0837     	 adds r7,r7,#8
 148              	.LCFI15:
 149              	 .cfi_def_cfa_offset 8
 150 001a BD46     	 mov sp,r7
 151              	.LCFI16:
 152              	 .cfi_def_cfa_register 13
 153              	 
 154 001c 80BD     	 pop {r7,pc}
 155              	 .cfi_endproc
 156              	.LFE145:
 158 001e 00BF     	 .section .text.DIGITAL_IO_SetOutputLow,"ax",%progbits
 159              	 .align 2
 160              	 .thumb
 161              	 .thumb_func
 163              	DIGITAL_IO_SetOutputLow:
 164              	.LFB146:
 273:D:/ghc/4700_motors/Dave/Generated/DIGITAL_IO\digital_io.h **** 
 274:D:/ghc/4700_motors/Dave/Generated/DIGITAL_IO\digital_io.h **** /**
 275:D:/ghc/4700_motors/Dave/Generated/DIGITAL_IO\digital_io.h **** * @brief Function to reset port pin.
 276:D:/ghc/4700_motors/Dave/Generated/DIGITAL_IO\digital_io.h **** * @param handler Pointer pointing to APP data structure. Refer @ref DIGITAL_IO_t for details.
 277:D:/ghc/4700_motors/Dave/Generated/DIGITAL_IO\digital_io.h **** * @return None
 278:D:/ghc/4700_motors/Dave/Generated/DIGITAL_IO\digital_io.h **** *
 279:D:/ghc/4700_motors/Dave/Generated/DIGITAL_IO\digital_io.h **** * \par<b>Description:</b><br>
 280:D:/ghc/4700_motors/Dave/Generated/DIGITAL_IO\digital_io.h **** * This function configures port output modification register Pn_OMR, to make port pin to low level.
 281:D:/ghc/4700_motors/Dave/Generated/DIGITAL_IO\digital_io.h **** *
 282:D:/ghc/4700_motors/Dave/Generated/DIGITAL_IO\digital_io.h **** * \par<b>Related APIs:</b><BR>
 283:D:/ghc/4700_motors/Dave/Generated/DIGITAL_IO\digital_io.h **** * DIGITAL_IO_SetOutputHigh()
 284:D:/ghc/4700_motors/Dave/Generated/DIGITAL_IO\digital_io.h **** *
 285:D:/ghc/4700_motors/Dave/Generated/DIGITAL_IO\digital_io.h **** * Example Usage:
 286:D:/ghc/4700_motors/Dave/Generated/DIGITAL_IO\digital_io.h **** * @code
 287:D:/ghc/4700_motors/Dave/Generated/DIGITAL_IO\digital_io.h **** *  #include <DAVE.h>//Declarations from DAVE Code Generation (includes SFR declaration)
 288:D:/ghc/4700_motors/Dave/Generated/DIGITAL_IO\digital_io.h **** *  int main(void)
 289:D:/ghc/4700_motors/Dave/Generated/DIGITAL_IO\digital_io.h **** *  {
 290:D:/ghc/4700_motors/Dave/Generated/DIGITAL_IO\digital_io.h **** *    DAVE_STATUS_t status;
 291:D:/ghc/4700_motors/Dave/Generated/DIGITAL_IO\digital_io.h **** *    status = DAVE_Init();  //(DAVE_STATUS_t)DIGITAL_IO_Init(&DIGITAL_IO_0) is called within DAVE_I
 292:D:/ghc/4700_motors/Dave/Generated/DIGITAL_IO\digital_io.h **** *    if(status == DAVE_STATUS_SUCCESS)
 293:D:/ghc/4700_motors/Dave/Generated/DIGITAL_IO\digital_io.h **** *    {
 294:D:/ghc/4700_motors/Dave/Generated/DIGITAL_IO\digital_io.h **** *      XMC_DEBUG("DAVE Apps initialization success\n");
 295:D:/ghc/4700_motors/Dave/Generated/DIGITAL_IO\digital_io.h **** *    }
 296:D:/ghc/4700_motors/Dave/Generated/DIGITAL_IO\digital_io.h **** *    else
 297:D:/ghc/4700_motors/Dave/Generated/DIGITAL_IO\digital_io.h **** *    {
 298:D:/ghc/4700_motors/Dave/Generated/DIGITAL_IO\digital_io.h **** *      XMC_DEBUG(("DAVE Apps initialization failed with status %d\n", status));
 299:D:/ghc/4700_motors/Dave/Generated/DIGITAL_IO\digital_io.h **** *      while(1U)
 300:D:/ghc/4700_motors/Dave/Generated/DIGITAL_IO\digital_io.h **** *      {
 301:D:/ghc/4700_motors/Dave/Generated/DIGITAL_IO\digital_io.h **** *      }
 302:D:/ghc/4700_motors/Dave/Generated/DIGITAL_IO\digital_io.h **** *    }
 303:D:/ghc/4700_motors/Dave/Generated/DIGITAL_IO\digital_io.h **** *    //Placeholder for user application code. The while loop below can be replaced with user applic
 304:D:/ghc/4700_motors/Dave/Generated/DIGITAL_IO\digital_io.h **** *    DIGITAL_IO_SetOutputLow(&DIGITAL_IO_0);
 305:D:/ghc/4700_motors/Dave/Generated/DIGITAL_IO\digital_io.h **** *    while(1U)
 306:D:/ghc/4700_motors/Dave/Generated/DIGITAL_IO\digital_io.h **** *    {
 307:D:/ghc/4700_motors/Dave/Generated/DIGITAL_IO\digital_io.h **** *      // Add application code here
 308:D:/ghc/4700_motors/Dave/Generated/DIGITAL_IO\digital_io.h **** *    }
 309:D:/ghc/4700_motors/Dave/Generated/DIGITAL_IO\digital_io.h **** *
 310:D:/ghc/4700_motors/Dave/Generated/DIGITAL_IO\digital_io.h **** *   return (1);
 311:D:/ghc/4700_motors/Dave/Generated/DIGITAL_IO\digital_io.h **** * }
 312:D:/ghc/4700_motors/Dave/Generated/DIGITAL_IO\digital_io.h **** *  @endcode
 313:D:/ghc/4700_motors/Dave/Generated/DIGITAL_IO\digital_io.h **** */
 314:D:/ghc/4700_motors/Dave/Generated/DIGITAL_IO\digital_io.h **** 
 315:D:/ghc/4700_motors/Dave/Generated/DIGITAL_IO\digital_io.h **** __STATIC_INLINE void DIGITAL_IO_SetOutputLow(const DIGITAL_IO_t *const handler)
 316:D:/ghc/4700_motors/Dave/Generated/DIGITAL_IO\digital_io.h **** {
 165              	 .loc 2 316 0
 166              	 .cfi_startproc
 167              	 
 168              	 
 169 0000 80B5     	 push {r7,lr}
 170              	.LCFI17:
 171              	 .cfi_def_cfa_offset 8
 172              	 .cfi_offset 7,-8
 173              	 .cfi_offset 14,-4
 174 0002 82B0     	 sub sp,sp,#8
 175              	.LCFI18:
 176              	 .cfi_def_cfa_offset 16
 177 0004 00AF     	 add r7,sp,#0
 178              	.LCFI19:
 179              	 .cfi_def_cfa_register 7
 180 0006 7860     	 str r0,[r7,#4]
 317:D:/ghc/4700_motors/Dave/Generated/DIGITAL_IO\digital_io.h ****   XMC_ASSERT("DIGITAL_IO_SetOutputLow: handler null pointer", handler != NULL);
 318:D:/ghc/4700_motors/Dave/Generated/DIGITAL_IO\digital_io.h ****   XMC_GPIO_SetOutputLow(handler->gpio_port,handler->gpio_pin);
 181              	 .loc 2 318 0
 182 0008 7B68     	 ldr r3,[r7,#4]
 183 000a 1A68     	 ldr r2,[r3]
 184 000c 7B68     	 ldr r3,[r7,#4]
 185 000e 1B7C     	 ldrb r3,[r3,#16]
 186 0010 1046     	 mov r0,r2
 187 0012 1946     	 mov r1,r3
 188 0014 FFF7FEFF 	 bl XMC_GPIO_SetOutputLow
 319:D:/ghc/4700_motors/Dave/Generated/DIGITAL_IO\digital_io.h **** }
 189              	 .loc 2 319 0
 190 0018 0837     	 adds r7,r7,#8
 191              	.LCFI20:
 192              	 .cfi_def_cfa_offset 8
 193 001a BD46     	 mov sp,r7
 194              	.LCFI21:
 195              	 .cfi_def_cfa_register 13
 196              	 
 197 001c 80BD     	 pop {r7,pc}
 198              	 .cfi_endproc
 199              	.LFE146:
 201 001e 00BF     	 .section .text.delay,"ax",%progbits
 202              	 .align 2
 203              	 .global delay
 204              	 .thumb
 205              	 .thumb_func
 207              	delay:
 208              	.LFB149:
 209              	 .file 3 "../main.c"
   1:../main.c     **** /*
   2:../main.c     ****  * main.c
   3:../main.c     ****  *
   4:../main.c     ****  *  Created on: 2019 Feb 21 21:42:19
   5:../main.c     ****  *  Author: Dante
   6:../main.c     ****  */
   7:../main.c     **** 
   8:../main.c     **** 
   9:../main.c     **** 
  10:../main.c     **** 
  11:../main.c     **** #include <DAVE.h>                 //Declarations from DAVE Code Generation (includes SFR declaratio
  12:../main.c     **** 
  13:../main.c     **** /**
  14:../main.c     **** 
  15:../main.c     ****  * @brief main() - Application entry point
  16:../main.c     ****  *
  17:../main.c     ****  * <b>Details of function</b><br>
  18:../main.c     ****  * This routine is the application entry point. It is invoked by the device startup code. It is res
  19:../main.c     ****  * invoking the APP initialization dispatcher routine - DAVE_Init() and hosting the place-holder fo
  20:../main.c     ****  * code.
  21:../main.c     ****  */
  22:../main.c     **** void delay(void)
  23:../main.c     **** {
 210              	 .loc 3 23 0
 211              	 .cfi_startproc
 212              	 
 213              	 
 214              	 
 215 0000 80B4     	 push {r7}
 216              	.LCFI22:
 217              	 .cfi_def_cfa_offset 4
 218              	 .cfi_offset 7,-4
 219 0002 83B0     	 sub sp,sp,#12
 220              	.LCFI23:
 221              	 .cfi_def_cfa_offset 16
 222 0004 00AF     	 add r7,sp,#0
 223              	.LCFI24:
 224              	 .cfi_def_cfa_register 7
  24:../main.c     **** 	int i,j=1;
 225              	 .loc 3 24 0
 226 0006 0123     	 movs r3,#1
 227 0008 3B60     	 str r3,[r7]
  25:../main.c     **** 	for(i=0;i<0xFFFF;++i)
 228              	 .loc 3 25 0
 229 000a 0023     	 movs r3,#0
 230 000c 7B60     	 str r3,[r7,#4]
 231 000e 04E0     	 b .L6
 232              	.L7:
  26:../main.c     **** 		j=0;
 233              	 .loc 3 26 0 discriminator 3
 234 0010 0023     	 movs r3,#0
 235 0012 3B60     	 str r3,[r7]
  25:../main.c     **** 	for(i=0;i<0xFFFF;++i)
 236              	 .loc 3 25 0 discriminator 3
 237 0014 7B68     	 ldr r3,[r7,#4]
 238 0016 0133     	 adds r3,r3,#1
 239 0018 7B60     	 str r3,[r7,#4]
 240              	.L6:
  25:../main.c     **** 	for(i=0;i<0xFFFF;++i)
 241              	 .loc 3 25 0 is_stmt 0 discriminator 1
 242 001a 7B68     	 ldr r3,[r7,#4]
 243 001c 4FF6FE72 	 movw r2,#65534
 244 0020 9342     	 cmp r3,r2
 245 0022 F5DD     	 ble .L7
  27:../main.c     **** }
 246              	 .loc 3 27 0 is_stmt 1
 247 0024 0C37     	 adds r7,r7,#12
 248              	.LCFI25:
 249              	 .cfi_def_cfa_offset 4
 250 0026 BD46     	 mov sp,r7
 251              	.LCFI26:
 252              	 .cfi_def_cfa_register 13
 253              	 
 254 0028 5DF8047B 	 ldr r7,[sp],#4
 255              	.LCFI27:
 256              	 .cfi_restore 7
 257              	 .cfi_def_cfa_offset 0
 258 002c 7047     	 bx lr
 259              	 .cfi_endproc
 260              	.LFE149:
 262 002e 00BF     	 .section .text.invarte_motoare_stangaC,"ax",%progbits
 263              	 .align 2
 264              	 .global invarte_motoare_stangaC
 265              	 .thumb
 266              	 .thumb_func
 268              	invarte_motoare_stangaC:
 269              	.LFB150:
  28:../main.c     **** 
  29:../main.c     **** 
  30:../main.c     **** void invarte_motoare_stangaC(uint32_t jumatati)
  31:../main.c     **** {
 270              	 .loc 3 31 0
 271              	 .cfi_startproc
 272              	 
 273              	 
 274 0000 80B5     	 push {r7,lr}
 275              	.LCFI28:
 276              	 .cfi_def_cfa_offset 8
 277              	 .cfi_offset 7,-8
 278              	 .cfi_offset 14,-4
 279 0002 84B0     	 sub sp,sp,#16
 280              	.LCFI29:
 281              	 .cfi_def_cfa_offset 24
 282 0004 00AF     	 add r7,sp,#0
 283              	.LCFI30:
 284              	 .cfi_def_cfa_register 7
 285 0006 7860     	 str r0,[r7,#4]
  32:../main.c     **** 	DIGITAL_IO_SetOutputLow(&coil1);
 286              	 .loc 3 32 0
 287 0008 2248     	 ldr r0,.L13
 288 000a FFF7FEFF 	 bl DIGITAL_IO_SetOutputLow
  33:../main.c     **** 	  DIGITAL_IO_SetOutputLow(&coil2);
 289              	 .loc 3 33 0
 290 000e 2248     	 ldr r0,.L13+4
 291 0010 FFF7FEFF 	 bl DIGITAL_IO_SetOutputLow
  34:../main.c     **** 	  DIGITAL_IO_SetOutputLow(&coil3);
 292              	 .loc 3 34 0
 293 0014 2148     	 ldr r0,.L13+8
 294 0016 FFF7FEFF 	 bl DIGITAL_IO_SetOutputLow
  35:../main.c     **** 	  DIGITAL_IO_SetOutputLow(&coil4);
 295              	 .loc 3 35 0
 296 001a 2148     	 ldr r0,.L13+12
 297 001c FFF7FEFF 	 bl DIGITAL_IO_SetOutputLow
  36:../main.c     **** 	  uint32_t i=0,j=0;
 298              	 .loc 3 36 0
 299 0020 0023     	 movs r3,#0
 300 0022 FB60     	 str r3,[r7,#12]
 301 0024 0023     	 movs r3,#0
 302 0026 BB60     	 str r3,[r7,#8]
  37:../main.c     **** 	  /* Placeholder for user application code. The while loop below can be replaced with user applica
  38:../main.c     **** 	  for(i=1;i<=jumatati;++i)
 303              	 .loc 3 38 0
 304 0028 0123     	 movs r3,#1
 305 002a FB60     	 str r3,[r7,#12]
 306 002c 2BE0     	 b .L9
 307              	.L12:
  39:../main.c     **** 		  for (j=0;j<25;j++)
 308              	 .loc 3 39 0
 309 002e 0023     	 movs r3,#0
 310 0030 BB60     	 str r3,[r7,#8]
 311 0032 22E0     	 b .L10
 312              	.L11:
  40:../main.c     **** 		  {  	  delay();
 313              	 .loc 3 40 0 discriminator 3
 314 0034 FFF7FEFF 	 bl delay
  41:../main.c     **** 		  		//coil3=0;				// end step 3
  42:../main.c     **** 		  	//	coil1=1;
  43:../main.c     **** 		  		DIGITAL_IO_SetOutputLow(&coil3);
 315              	 .loc 3 43 0 discriminator 3
 316 0038 1848     	 ldr r0,.L13+8
 317 003a FFF7FEFF 	 bl DIGITAL_IO_SetOutputLow
  44:../main.c     **** 		  		DIGITAL_IO_SetOutputHigh(&coil1);
 318              	 .loc 3 44 0 discriminator 3
 319 003e 1548     	 ldr r0,.L13
 320 0040 FFF7FEFF 	 bl DIGITAL_IO_SetOutputHigh
  45:../main.c     **** 		  											// step 1
  46:../main.c     **** 
  47:../main.c     **** 		  		delay();
 321              	 .loc 3 47 0 discriminator 3
 322 0044 FFF7FEFF 	 bl delay
  48:../main.c     **** 		  	//	coil4=0;				// end step 4
  49:../main.c     **** 		  	//	coil2=1;           		// step 2
  50:../main.c     **** 		  		DIGITAL_IO_SetOutputLow(&coil4);
 323              	 .loc 3 50 0 discriminator 3
 324 0048 1548     	 ldr r0,.L13+12
 325 004a FFF7FEFF 	 bl DIGITAL_IO_SetOutputLow
  51:../main.c     **** 		  		DIGITAL_IO_SetOutputHigh(&coil2);
 326              	 .loc 3 51 0 discriminator 3
 327 004e 1248     	 ldr r0,.L13+4
 328 0050 FFF7FEFF 	 bl DIGITAL_IO_SetOutputHigh
  52:../main.c     **** 		  		delay();
 329              	 .loc 3 52 0 discriminator 3
 330 0054 FFF7FEFF 	 bl delay
  53:../main.c     **** 		  		//coil1=0;    			// end step 1
  54:../main.c     **** 		   		//coil3=1;          		// step 3
  55:../main.c     **** 		   		DIGITAL_IO_SetOutputLow(&coil1);
 331              	 .loc 3 55 0 discriminator 3
 332 0058 0E48     	 ldr r0,.L13
 333 005a FFF7FEFF 	 bl DIGITAL_IO_SetOutputLow
  56:../main.c     **** 		   		DIGITAL_IO_SetOutputHigh(&coil3);
 334              	 .loc 3 56 0 discriminator 3
 335 005e 0F48     	 ldr r0,.L13+8
 336 0060 FFF7FEFF 	 bl DIGITAL_IO_SetOutputHigh
  57:../main.c     **** 		  		delay();
 337              	 .loc 3 57 0 discriminator 3
 338 0064 FFF7FEFF 	 bl delay
  58:../main.c     **** 		  		//coil2=0;				// end step 2
  59:../main.c     **** 		  		//coil4=1;          		// step 4
  60:../main.c     **** 		  		DIGITAL_IO_SetOutputLow(&coil2);
 339              	 .loc 3 60 0 discriminator 3
 340 0068 0B48     	 ldr r0,.L13+4
 341 006a FFF7FEFF 	 bl DIGITAL_IO_SetOutputLow
  61:../main.c     **** 		  		DIGITAL_IO_SetOutputHigh(&coil4);
 342              	 .loc 3 61 0 discriminator 3
 343 006e 0C48     	 ldr r0,.L13+12
 344 0070 FFF7FEFF 	 bl DIGITAL_IO_SetOutputHigh
  39:../main.c     **** 		  {  	  delay();
 345              	 .loc 3 39 0 discriminator 3
 346 0074 BB68     	 ldr r3,[r7,#8]
 347 0076 0133     	 adds r3,r3,#1
 348 0078 BB60     	 str r3,[r7,#8]
 349              	.L10:
  39:../main.c     **** 		  {  	  delay();
 350              	 .loc 3 39 0 is_stmt 0 discriminator 1
 351 007a BB68     	 ldr r3,[r7,#8]
 352 007c 182B     	 cmp r3,#24
 353 007e D9D9     	 bls .L11
  38:../main.c     **** 		  for (j=0;j<25;j++)
 354              	 .loc 3 38 0 is_stmt 1 discriminator 2
 355 0080 FB68     	 ldr r3,[r7,#12]
 356 0082 0133     	 adds r3,r3,#1
 357 0084 FB60     	 str r3,[r7,#12]
 358              	.L9:
  38:../main.c     **** 		  for (j=0;j<25;j++)
 359              	 .loc 3 38 0 is_stmt 0 discriminator 1
 360 0086 FA68     	 ldr r2,[r7,#12]
 361 0088 7B68     	 ldr r3,[r7,#4]
 362 008a 9A42     	 cmp r2,r3
 363 008c CFD9     	 bls .L12
  62:../main.c     **** 		  }
  63:../main.c     **** 
  64:../main.c     **** }
 364              	 .loc 3 64 0 is_stmt 1
 365 008e 1037     	 adds r7,r7,#16
 366              	.LCFI31:
 367              	 .cfi_def_cfa_offset 8
 368 0090 BD46     	 mov sp,r7
 369              	.LCFI32:
 370              	 .cfi_def_cfa_register 13
 371              	 
 372 0092 80BD     	 pop {r7,pc}
 373              	.L14:
 374              	 .align 2
 375              	.L13:
 376 0094 00000000 	 .word coil1
 377 0098 00000000 	 .word coil2
 378 009c 00000000 	 .word coil3
 379 00a0 00000000 	 .word coil4
 380              	 .cfi_endproc
 381              	.LFE150:
 383              	 .section .text.main,"ax",%progbits
 384              	 .align 2
 385              	 .global main
 386              	 .thumb
 387              	 .thumb_func
 389              	main:
 390              	.LFB151:
  65:../main.c     **** 
  66:../main.c     **** int main(void)
  67:../main.c     **** {
 391              	 .loc 3 67 0
 392              	 .cfi_startproc
 393              	 
 394              	 
 395 0000 80B5     	 push {r7,lr}
 396              	.LCFI33:
 397              	 .cfi_def_cfa_offset 8
 398              	 .cfi_offset 7,-8
 399              	 .cfi_offset 14,-4
 400 0002 82B0     	 sub sp,sp,#8
 401              	.LCFI34:
 402              	 .cfi_def_cfa_offset 16
 403 0004 00AF     	 add r7,sp,#0
 404              	.LCFI35:
 405              	 .cfi_def_cfa_register 7
  68:../main.c     ****   DAVE_STATUS_t status;
  69:../main.c     **** 
  70:../main.c     ****   status = DAVE_Init();           /* Initialization of DAVE APPs  */
 406              	 .loc 3 70 0
 407 0006 FFF7FEFF 	 bl DAVE_Init
 408 000a 0346     	 mov r3,r0
 409 000c FB71     	 strb r3,[r7,#7]
  71:../main.c     **** 
  72:../main.c     ****   if(status != DAVE_STATUS_SUCCESS)
 410              	 .loc 3 72 0
 411 000e FB79     	 ldrb r3,[r7,#7]
 412 0010 002B     	 cmp r3,#0
 413 0012 00D0     	 beq .L16
 414              	.L17:
  73:../main.c     ****   {
  74:../main.c     ****     /* Placeholder for error handler code. The while loop below can be replaced with an user error 
  75:../main.c     ****     XMC_DEBUG("DAVE APPs initialization failed\n");
  76:../main.c     **** 
  77:../main.c     ****     while(1U)
  78:../main.c     ****     {
  79:../main.c     **** 
  80:../main.c     **** 
  81:../main.c     ****     }
 415              	 .loc 3 81 0 discriminator 1
 416 0014 FEE7     	 b .L17
 417              	.L16:
  82:../main.c     ****   }
  83:../main.c     **** 
  84:../main.c     ****   /* Placeholder for user application code. The while loop below can be replaced with user applicat
  85:../main.c     ****   while(1U)
  86:../main.c     ****   {
  87:../main.c     **** 	  invarte_motoare_stangaC(10);
 418              	 .loc 3 87 0
 419 0016 0A20     	 movs r0,#10
 420 0018 FFF7FEFF 	 bl invarte_motoare_stangaC
 421              	.L18:
  88:../main.c     **** 	  for(;;);
 422              	 .loc 3 88 0 discriminator 2
 423 001c FEE7     	 b .L18
 424              	 .cfi_endproc
 425              	.LFE151:
 427 001e 00BF     	 .text
 428              	.Letext0:
 429              	 .file 4 "d:\\dave4\\dave_4-4-2_32bit_2018-02-23\\dave-ide-4.4.2-32bit\\dave-ide-4.4.2-32bit\\eclipse\\arm-gcc-49\\arm-none-eabi\\include\\machine\\_default_types.h"
 430              	 .file 5 "d:\\dave4\\dave_4-4-2_32bit_2018-02-23\\dave-ide-4.4.2-32bit\\dave-ide-4.4.2-32bit\\eclipse\\arm-gcc-49\\arm-none-eabi\\include\\stdint.h"
 431              	 .file 6 "D:/ghc/4700_motors/Libraries/XMCLib/inc/xmc4_gpio.h"
 432              	 .file 7 "D:/ghc/4700_motors/Dave/Generated/DAVE.h"
 433              	 .file 8 "D:/ghc/4700_motors/Libraries/CMSIS/Include/core_cm4.h"
 434              	 .file 9 "D:/ghc/4700_motors/Dave/Generated/DIGITAL_IO/digital_io_extern.h"
DEFINED SYMBOLS
                            *ABS*:00000000 main.c
    {standard input}:20     .text.XMC_GPIO_SetOutputHigh:00000000 $t
    {standard input}:24     .text.XMC_GPIO_SetOutputHigh:00000000 XMC_GPIO_SetOutputHigh
    {standard input}:68     .text.XMC_GPIO_SetOutputLow:00000000 $t
    {standard input}:72     .text.XMC_GPIO_SetOutputLow:00000000 XMC_GPIO_SetOutputLow
    {standard input}:115    .text.DIGITAL_IO_SetOutputHigh:00000000 $t
    {standard input}:119    .text.DIGITAL_IO_SetOutputHigh:00000000 DIGITAL_IO_SetOutputHigh
    {standard input}:159    .text.DIGITAL_IO_SetOutputLow:00000000 $t
    {standard input}:163    .text.DIGITAL_IO_SetOutputLow:00000000 DIGITAL_IO_SetOutputLow
    {standard input}:202    .text.delay:00000000 $t
    {standard input}:207    .text.delay:00000000 delay
    {standard input}:263    .text.invarte_motoare_stangaC:00000000 $t
    {standard input}:268    .text.invarte_motoare_stangaC:00000000 invarte_motoare_stangaC
    {standard input}:376    .text.invarte_motoare_stangaC:00000094 $d
    {standard input}:384    .text.main:00000000 $t
    {standard input}:389    .text.main:00000000 main
                     .debug_frame:00000010 $d

UNDEFINED SYMBOLS
coil1
coil2
coil3
coil4
DAVE_Init
