   1              	 .syntax unified
   2              	 .cpu cortex-m4
   3              	 .eabi_attribute 27,3
   4              	 .fpu fpv4-sp-d16
   5              	 .eabi_attribute 20,1
   6              	 .eabi_attribute 21,1
   7              	 .eabi_attribute 23,3
   8              	 .eabi_attribute 24,1
   9              	 .eabi_attribute 25,1
  10              	 .eabi_attribute 26,1
  11              	 .eabi_attribute 30,6
  12              	 .eabi_attribute 34,1
  13              	 .eabi_attribute 18,4
  14              	 .thumb
  15              	 .file "DAVE.c"
  16              	 .text
  17              	.Ltext0:
  18              	 .cfi_sections .debug_frame
  19              	 .section .text.DAVE_Init,"ax",%progbits
  20              	 .align 2
  21              	 .global DAVE_Init
  22              	 .thumb
  23              	 .thumb_func
  25              	DAVE_Init:
  26              	.LFB149:
  27              	 .file 1 "../Dave/Generated/DAVE.c"
   1:../Dave/Generated/DAVE.c **** 
   2:../Dave/Generated/DAVE.c **** /**
   3:../Dave/Generated/DAVE.c ****  * @cond
   4:../Dave/Generated/DAVE.c ****  **************************************************************************************************
   5:../Dave/Generated/DAVE.c ****  *
   6:../Dave/Generated/DAVE.c ****  * Copyright (c) 2015-2018, Infineon Technologies AG
   7:../Dave/Generated/DAVE.c ****  * All rights reserved.
   8:../Dave/Generated/DAVE.c ****  *
   9:../Dave/Generated/DAVE.c ****  * Redistribution and use in source and binary forms, with or without modification,are permitted pr
  10:../Dave/Generated/DAVE.c ****  * following conditions are met:
  11:../Dave/Generated/DAVE.c ****  *
  12:../Dave/Generated/DAVE.c ****  *   Redistributions of source code must retain the above copyright notice, this list of conditions
  13:../Dave/Generated/DAVE.c ****  *   disclaimer.
  14:../Dave/Generated/DAVE.c ****  *
  15:../Dave/Generated/DAVE.c ****  *   Redistributions in binary form must reproduce the above copyright notice, this list of conditi
  16:../Dave/Generated/DAVE.c ****  *   following disclaimer in the documentation and/or other materials provided with the distributio
  17:../Dave/Generated/DAVE.c ****  *
  18:../Dave/Generated/DAVE.c ****  *   Neither the name of the copyright holders nor the names of its contributors may be used to end
  19:../Dave/Generated/DAVE.c ****  *   products derived from this software without specific prior written permission.
  20:../Dave/Generated/DAVE.c ****  *
  21:../Dave/Generated/DAVE.c ****  * THIS SOFTWARE IS PROVIDED BY THE COPYRIGHT HOLDERS AND CONTRIBUTORS "AS IS" AND ANY EXPRESS OR I
  22:../Dave/Generated/DAVE.c ****  * INCLUDING, BUT NOT LIMITED TO, THE IMPLIED WARRANTIES OF MERCHANTABILITY AND FITNESS FOR A PARTI
  23:../Dave/Generated/DAVE.c ****  * DISCLAIMED. IN NO EVENT SHALL THE COPYRIGHT HOLDER OR CONTRIBUTORS BE LIABLE  FOR ANY DIRECT, IN
  24:../Dave/Generated/DAVE.c ****  * SPECIAL, EXEMPLARY, OR CONSEQUENTIAL DAMAGES (INCLUDING, BUT NOT LIMITED TO, PROCUREMENT OF SUBS
  25:../Dave/Generated/DAVE.c ****  * SERVICES; LOSS OF USE, DATA, OR PROFITS; OR BUSINESS INTERRUPTION) HOWEVER CAUSED AND ON ANY THE
  26:../Dave/Generated/DAVE.c ****  * WHETHER IN CONTRACT, STRICT LIABILITY,OR TORT (INCLUDING NEGLIGENCE OR OTHERWISE) ARISING IN ANY
  27:../Dave/Generated/DAVE.c ****  * USE OF THIS SOFTWARE, EVEN IF ADVISED OF THE POSSIBILITY OF SUCH DAMAGE.
  28:../Dave/Generated/DAVE.c ****  *
  29:../Dave/Generated/DAVE.c ****  * To improve the quality of the software, users are encouraged to share modifications, enhancement
  30:../Dave/Generated/DAVE.c ****  * with Infineon Technologies AG (dave@infineon.com).
  31:../Dave/Generated/DAVE.c ****  **************************************************************************************************
  32:../Dave/Generated/DAVE.c ****  *
  33:../Dave/Generated/DAVE.c ****  * Change History
  34:../Dave/Generated/DAVE.c ****  * --------------
  35:../Dave/Generated/DAVE.c ****  *
  36:../Dave/Generated/DAVE.c ****  * 2014-06-16:
  37:../Dave/Generated/DAVE.c ****  *     - Initial version<br>
  38:../Dave/Generated/DAVE.c ****  * 2015-08-28:
  39:../Dave/Generated/DAVE.c ****  *     - Added CLOCK_XMC1_Init conditionally
  40:../Dave/Generated/DAVE.c ****  * 2018-08-08:
  41:../Dave/Generated/DAVE.c ****  *     - Add creation of projectData.bak file
  42:../Dave/Generated/DAVE.c ****  *
  43:../Dave/Generated/DAVE.c ****  * @endcond
  44:../Dave/Generated/DAVE.c ****  *
  45:../Dave/Generated/DAVE.c ****  */
  46:../Dave/Generated/DAVE.c **** 
  47:../Dave/Generated/DAVE.c **** /**************************************************************************************************
  48:../Dave/Generated/DAVE.c ****  * HEADER FILES
  49:../Dave/Generated/DAVE.c ****  **************************************************************************************************
  50:../Dave/Generated/DAVE.c **** #include "DAVE.h"
  51:../Dave/Generated/DAVE.c **** 
  52:../Dave/Generated/DAVE.c **** /**************************************************************************************************
  53:../Dave/Generated/DAVE.c ****  * API IMPLEMENTATION
  54:../Dave/Generated/DAVE.c ****  **************************************************************************************************
  55:../Dave/Generated/DAVE.c **** 
  56:../Dave/Generated/DAVE.c **** /*******************************************************************************
  57:../Dave/Generated/DAVE.c ****  * @brief This function initializes the APPs Init Functions.
  58:../Dave/Generated/DAVE.c ****  *
  59:../Dave/Generated/DAVE.c ****  * @param[in]  None
  60:../Dave/Generated/DAVE.c ****  *
  61:../Dave/Generated/DAVE.c ****  * @return  DAVE_STATUS_t <BR>
  62:../Dave/Generated/DAVE.c ****  ******************************************************************************/
  63:../Dave/Generated/DAVE.c **** DAVE_STATUS_t DAVE_Init(void)
  64:../Dave/Generated/DAVE.c **** {
  28              	 .loc 1 64 0
  29              	 .cfi_startproc
  30              	 
  31              	 
  32 0000 80B5     	 push {r7,lr}
  33              	.LCFI0:
  34              	 .cfi_def_cfa_offset 8
  35              	 .cfi_offset 7,-8
  36              	 .cfi_offset 14,-4
  37 0002 82B0     	 sub sp,sp,#8
  38              	.LCFI1:
  39              	 .cfi_def_cfa_offset 16
  40 0004 00AF     	 add r7,sp,#0
  41              	.LCFI2:
  42              	 .cfi_def_cfa_register 7
  65:../Dave/Generated/DAVE.c ****   DAVE_STATUS_t init_status;
  66:../Dave/Generated/DAVE.c ****   
  67:../Dave/Generated/DAVE.c ****   init_status = DAVE_STATUS_SUCCESS;
  43              	 .loc 1 67 0
  44 0006 0023     	 movs r3,#0
  45 0008 FB71     	 strb r3,[r7,#7]
  68:../Dave/Generated/DAVE.c ****   if (init_status == DAVE_STATUS_SUCCESS)
  46              	 .loc 1 68 0
  47 000a FB79     	 ldrb r3,[r7,#7]
  48 000c 002B     	 cmp r3,#0
  49 000e 04D1     	 bne .L2
  69:../Dave/Generated/DAVE.c ****   {
  70:../Dave/Generated/DAVE.c **** 	 /**  Initialization of DIGITAL_IO APP instance coil1 */
  71:../Dave/Generated/DAVE.c **** 	 init_status = (DAVE_STATUS_t)DIGITAL_IO_Init(&coil1); 
  50              	 .loc 1 71 0
  51 0010 1048     	 ldr r0,.L7
  52 0012 FFF7FEFF 	 bl DIGITAL_IO_Init
  53 0016 0346     	 mov r3,r0
  54 0018 FB71     	 strb r3,[r7,#7]
  55              	.L2:
  72:../Dave/Generated/DAVE.c ****    } 
  73:../Dave/Generated/DAVE.c ****   if (init_status == DAVE_STATUS_SUCCESS)
  56              	 .loc 1 73 0
  57 001a FB79     	 ldrb r3,[r7,#7]
  58 001c 002B     	 cmp r3,#0
  59 001e 04D1     	 bne .L3
  74:../Dave/Generated/DAVE.c ****   {
  75:../Dave/Generated/DAVE.c **** 	 /**  Initialization of DIGITAL_IO APP instance coil2 */
  76:../Dave/Generated/DAVE.c **** 	 init_status = (DAVE_STATUS_t)DIGITAL_IO_Init(&coil2); 
  60              	 .loc 1 76 0
  61 0020 0D48     	 ldr r0,.L7+4
  62 0022 FFF7FEFF 	 bl DIGITAL_IO_Init
  63 0026 0346     	 mov r3,r0
  64 0028 FB71     	 strb r3,[r7,#7]
  65              	.L3:
  77:../Dave/Generated/DAVE.c ****    } 
  78:../Dave/Generated/DAVE.c ****   if (init_status == DAVE_STATUS_SUCCESS)
  66              	 .loc 1 78 0
  67 002a FB79     	 ldrb r3,[r7,#7]
  68 002c 002B     	 cmp r3,#0
  69 002e 04D1     	 bne .L4
  79:../Dave/Generated/DAVE.c ****   {
  80:../Dave/Generated/DAVE.c **** 	 /**  Initialization of DIGITAL_IO APP instance coil3 */
  81:../Dave/Generated/DAVE.c **** 	 init_status = (DAVE_STATUS_t)DIGITAL_IO_Init(&coil3); 
  70              	 .loc 1 81 0
  71 0030 0A48     	 ldr r0,.L7+8
  72 0032 FFF7FEFF 	 bl DIGITAL_IO_Init
  73 0036 0346     	 mov r3,r0
  74 0038 FB71     	 strb r3,[r7,#7]
  75              	.L4:
  82:../Dave/Generated/DAVE.c ****    } 
  83:../Dave/Generated/DAVE.c ****   if (init_status == DAVE_STATUS_SUCCESS)
  76              	 .loc 1 83 0
  77 003a FB79     	 ldrb r3,[r7,#7]
  78 003c 002B     	 cmp r3,#0
  79 003e 04D1     	 bne .L5
  84:../Dave/Generated/DAVE.c ****   {
  85:../Dave/Generated/DAVE.c **** 	 /**  Initialization of DIGITAL_IO APP instance coil4 */
  86:../Dave/Generated/DAVE.c **** 	 init_status = (DAVE_STATUS_t)DIGITAL_IO_Init(&coil4); 
  80              	 .loc 1 86 0
  81 0040 0748     	 ldr r0,.L7+12
  82 0042 FFF7FEFF 	 bl DIGITAL_IO_Init
  83 0046 0346     	 mov r3,r0
  84 0048 FB71     	 strb r3,[r7,#7]
  85              	.L5:
  87:../Dave/Generated/DAVE.c ****    }  
  88:../Dave/Generated/DAVE.c ****   return init_status;
  86              	 .loc 1 88 0
  87 004a FB79     	 ldrb r3,[r7,#7]
  89:../Dave/Generated/DAVE.c **** } /**  End of function DAVE_Init */
  88              	 .loc 1 89 0
  89 004c 1846     	 mov r0,r3
  90 004e 0837     	 adds r7,r7,#8
  91              	.LCFI3:
  92              	 .cfi_def_cfa_offset 8
  93 0050 BD46     	 mov sp,r7
  94              	.LCFI4:
  95              	 .cfi_def_cfa_register 13
  96              	 
  97 0052 80BD     	 pop {r7,pc}
  98              	.L8:
  99              	 .align 2
 100              	.L7:
 101 0054 00000000 	 .word coil1
 102 0058 00000000 	 .word coil2
 103 005c 00000000 	 .word coil3
 104 0060 00000000 	 .word coil4
 105              	 .cfi_endproc
 106              	.LFE149:
 108              	 .text
 109              	.Letext0:
 110              	 .file 2 "c:\\users\\vere\\downloads\\dave_4-4-2_32bit_2018-02-23\\dave-ide-4.4.2-32bit\\eclipse\\arm-gcc-49\\arm-none-eabi\\include\\machine\\_default_types.h"
 111              	 .file 3 "c:\\users\\vere\\downloads\\dave_4-4-2_32bit_2018-02-23\\dave-ide-4.4.2-32bit\\eclipse\\arm-gcc-49\\arm-none-eabi\\include\\stdint.h"
 112              	 .file 4 "D:/ghc/dave_project/4700_motors/Libraries/XMCLib/inc/xmc_gpio.h"
 113              	 .file 5 "D:/ghc/dave_project/4700_motors/Libraries/XMCLib/inc/xmc4_gpio.h"
 114              	 .file 6 "../Dave/Generated/DIGITAL_IO/digital_io.h"
 115              	 .file 7 "../Dave/Generated/DAVE.h"
 116              	 .file 8 "D:/ghc/dave_project/4700_motors/Libraries/CMSIS/Include/core_cm4.h"
 117              	 .file 9 "../Dave/Generated/DIGITAL_IO/digital_io_extern.h"
DEFINED SYMBOLS
                            *ABS*:00000000 DAVE.c
    {standard input}:20     .text.DAVE_Init:00000000 $t
    {standard input}:25     .text.DAVE_Init:00000000 DAVE_Init
    {standard input}:101    .text.DAVE_Init:00000054 $d
                     .debug_frame:00000010 $d

UNDEFINED SYMBOLS
DIGITAL_IO_Init
coil1
coil2
coil3
coil4
